AutoCAD Warning: The following shortcuts in the plotter search were invalid and ignored: C:\Users\dngo\Desktop\Microsoft Edge.lnk C:\Users\dngo\Desktop\Visual Studio Code.lnk

AutoCAD Warning: The following shortcuts in the plotter search were invalid and ignored: C:\Users\dngo\Desktop\Microsoft Edge.lnk C:\Users\dngo\Desktop\Visual Studio Code.lnk

AutoCAD Warning: The following shortcuts in the plotter search were invalid and ignored: C:\Users\dngo\Desktop\Microsoft Edge.lnk C:\Users\dngo\Desktop\Visual Studio Code.lnk

AutoCAD Error: AcPublishJobPlotter::plotIt
Error saving PDF file; PDF file is open or uneditable. AcPublishJobPlot.cpp $Revision: #4 $

AutoCAD Warning: The following shortcuts in the plotter search were invalid and ignored: C:\Users\dngo\Desktop\Microsoft Edge.lnk C:\Users\dngo\Desktop\Visual Studio Code.lnk

AutoCAD Error: AcPublishJobPlotter::plotIt
Error saving PDF file; PDF file is open or uneditable. AcPublishJobPlot.cpp $Revision: #4 $

AutoCAD Error: AcPublishJobPlotter::plotIt
Error saving PDF file; PDF file is open or uneditable. AcPublishJobPlot.cpp $Revision: #4 $

AutoCAD Error: AcPublishJobPlotter::plotIt
Page setup not found AcPublishJobPlot.cpp $Revision: #4 $

AutoCAD Error: AcPublishJobPlotter::plotIt
Page setup not found AcPublishJobPlot.cpp $Revision: #4 $

AutoCAD Error: AcPublishJobPlotter::plotIt
Page setup not found AcPublishJobPlot.cpp $Revision: #4 $

AutoCAD Error: AcPublishJobPlotter::plotIt
Page setup not found AcPublishJobPlot.cpp $Revision: #4 $

AutoCAD Error: AcPublishJobPlotter::plotIt
The current operation encountered problems processing one or more sheets and the plot job has been cancelled. To successfully complete this operation, remove any unplottable sheets from the job prior to running it. AcPublishJobPlot.cpp $Revision: #4 $

AutoCAD Error: AcPublishJobPlotter::plotIt
Page setup not found AcPublishJobPlot.cpp $Revision: #4 $

AutoCAD Error: AcPublishJobPlotter::plotIt
Page setup not found AcPublishJobPlot.cpp $Revision: #4 $

AutoCAD Error: AcPublishJobPlotter::plotIt
The current operation encountered problems processing one or more sheets and the plot job has been cancelled. To successfully complete this operation, remove any unplottable sheets from the job prior to running it. AcPublishJobPlot.cpp $Revision: #4 $

AutoCAD Error: AcPublishJobPlotter::plotIt
Page setup not found AcPublishJobPlot.cpp $Revision: #4 $

AutoCAD Error: AcPublishJobPlotter::plotIt
Page setup not found AcPublishJobPlot.cpp $Revision: #4 $

AutoCAD Error: AcPublishJobPlotter::plotIt
The current operation encountered problems processing one or more sheets and the plot job has been cancelled. To successfully complete this operation, remove any unplottable sheets from the job prior to running it. AcPublishJobPlot.cpp $Revision: #4 $

AutoCAD Error: AcPublishJobPlotter::plotIt
Page setup not found AcPublishJobPlot.cpp $Revision: #4 $

AutoCAD Error: AcPublishJobPlotter::plotIt
Page setup not found AcPublishJobPlot.cpp $Revision: #4 $

AutoCAD Error: AcPublishJobPlotter::plotIt
The current operation encountered problems processing one or more sheets and the plot job has been cancelled. To successfully complete this operation, remove any unplottable sheets from the job prior to running it. AcPublishJobPlot.cpp $Revision: #4 $

AutoCAD Error: AcPublishJobPlotter::plotIt
Page setup not found AcPublishJobPlot.cpp $Revision: #4 $

AutoCAD Error: AcPublishJobPlotter::plotIt
Page setup not found AcPublishJobPlot.cpp $Revision: #4 $

AutoCAD Error: AcPublishJobPlotter::plotIt
The current operation encountered problems processing one or more sheets and the plot job has been cancelled. To successfully complete this operation, remove any unplottable sheets from the job prior to running it. AcPublishJobPlot.cpp $Revision: #4 $

AutoCAD Error: AcPublishJobPlotter::plotIt
Page setup not found AcPublishJobPlot.cpp $Revision: #4 $

AutoCAD Error: AcPublishJobPlotter::plotIt
Page setup not found AcPublishJobPlot.cpp $Revision: #4 $

AutoCAD Error: AcPublishJobPlotter::plotIt
The current operation encountered problems processing one or more sheets and the plot job has been cancelled. To successfully complete this operation, remove any unplottable sheets from the job prior to running it. AcPublishJobPlot.cpp $Revision: #4 $

AutoCAD Error: AcPublishJobPlotter::plotIt
Page setup not found AcPublishJobPlot.cpp $Revision: #4 $

AutoCAD Error: AcPublishJobPlotter::plotIt
Page setup not found AcPublishJobPlot.cpp $Revision: #4 $

AutoCAD Error: AcPublishJobPlotter::plotIt
The current operation encountered problems processing one or more sheets and the plot job has been cancelled. To successfully complete this operation, remove any unplottable sheets from the job prior to running it. AcPublishJobPlot.cpp $Revision: #4 $

AutoCAD Error: AcPublishJobPlotter::plotIt
Page setup not found AcPublishJobPlot.cpp $Revision: #4 $

AutoCAD Error: AcPublishJobPlotter::plotIt
Page setup not found AcPublishJobPlot.cpp $Revision: #4 $

AutoCAD Error: AcPublishJobPlotter::plotIt
The current operation encountered problems processing one or more sheets and the plot job has been cancelled. To successfully complete this operation, remove any unplottable sheets from the job prior to running it. AcPublishJobPlot.cpp $Revision: #4 $

AutoCAD Error: AcPublishJobPlotter::plotIt
Page setup not found AcPublishJobPlot.cpp $Revision: #4 $

AutoCAD Error: AcPublishJobPlotter::plotIt
Page setup not found AcPublishJobPlot.cpp $Revision: #4 $

AutoCAD Error: AcPublishJobPlotter::plotIt
The current operation encountered problems processing one or more sheets and the plot job has been cancelled. To successfully complete this operation, remove any unplottable sheets from the job prior to running it. AcPublishJobPlot.cpp $Revision: #4 $

AutoCAD Error: AcPublishJobPlotter::plotIt
Device not found AcPublishJobPlot.cpp $Revision: #4 $

AutoCAD Warning: The following shortcuts in the plotter search were invalid and ignored: C:\Users\dngo\Desktop\Microsoft Edge.lnk C:\Users\dngo\Desktop\Visual Studio Code.lnk

AutoCAD Error: AcPublishJobPlotter::plotIt
Error saving PDF file; PDF file is open or uneditable. AcPublishJobPlot.cpp $Revision: #4 $

AutoCAD Warning: The following shortcuts in the plotter search were invalid and ignored: C:\Users\dngo\Desktop\Microsoft Edge.lnk C:\Users\dngo\Desktop\Visual Studio Code.lnk

AutoCAD Warning: The following shortcuts in the plotter search were invalid and ignored: C:\Users\dngo\Desktop\Microsoft Edge.lnk C:\Users\dngo\Desktop\Visual Studio Code.lnk

AutoCAD Warning: The following shortcuts in the plotter search were invalid and ignored: C:\Users\dngo\Desktop\Microsoft Edge.lnk C:\Users\dngo\Desktop\Visual Studio Code.lnk

AutoCAD Warning: The following shortcuts in the plotter search were invalid and ignored: C:\Users\dngo\Desktop\Microsoft Edge.lnk C:\Users\dngo\Desktop\Visual Studio Code.lnk

AutoCAD Warning: The following shortcuts in the plotter search were invalid and ignored: C:\Users\dngo\Desktop\Microsoft Edge.lnk C:\Users\dngo\Desktop\Visual Studio Code.lnk

AutoCAD Warning: The following shortcuts in the plotter search were invalid and ignored: C:\Users\dngo\Desktop\Microsoft Edge.lnk C:\Users\dngo\Desktop\Visual Studio Code.lnk

