

FATAL ERROR:  Unhandled Access Violation Reading 0x86e0 Exception at f352ae95h

02/20/2019 at 16:20:24.638  Drawing: 
-------------


FATAL ERROR:  Unhandled Access Violation Reading 0x86e0 Exception at d7d9ae95h

02/20/2019 at 16:26:51.199  Drawing: 
-------------


FATAL ERROR:  Unhandled Access Violation Reading 0x86e0 Exception at d1dfae95h

02/20/2019 at 16:34:53.598  Drawing: 
-------------


FATAL ERROR:  Unhandled Access Violation Reading 0x86e0 Exception at d1dfae95h

02/20/2019 at 16:41:09.951  Drawing: 
-------------


FATAL ERROR:  Unhandled Access Violation Reading 0x0008 Exception at cccfe884h

06/24/2019 at 13:06:42.366  Drawing: C:\Users\dngo\Documents\DC2.dwg
-------------


FATAL ERROR:  Unhandled Access Violation Reading 0x0008 Exception at ccd5e884h

06/24/2019 at 13:10:39.019  Drawing: C:\Users\dngo\Documents\1906N120_DRAIN WASTE AND VENT PIPE FITTING.DWG
-------------


FATAL ERROR:  Unhandled Access Violation Reading 0x0008 Exception at ccd5e884h

06/24/2019 at 13:11:40.871  Drawing: C:\Users\dngo\Documents\1906N120_DRAIN WASTE AND VENT PIPE FITTING.DWG
-------------


FATAL ERROR:  Unhandled Access Violation Reading 0x0008 Exception at cc91e884h

06/24/2019 at 13:13:12.889  Drawing: C:\Users\dngo\Documents\1906N120_DRAIN WASTE AND VENT PIPE FITTING.DWG
-------------


FATAL ERROR:  Unhandled Access Violation Reading 0x0008 Exception at cc91e884h

06/24/2019 at 13:14:49.376  Drawing: C:\Users\dngo\Documents\1906N120_DRAIN WASTE AND VENT PIPE FITTING.DWG
-------------


FATAL ERROR:  Unhandled Access Violation Reading 0x0008 Exception at cc91e884h

06/24/2019 at 13:15:47.392  Drawing: C:\Users\dngo\Documents\1906N120_DRAIN WASTE AND VENT PIPE FITTING.DWG
-------------


FATAL ERROR:  Unhandled Access Violation Reading 0x0008 Exception at cc91e884h

06/24/2019 at 13:16:25.875  Drawing: C:\Users\dngo\Documents\DC1.dwg
-------------
