AutoCAD 2019 - English Migration Log
Generated by: AutoCAD 2019 - English Migrate Custom Settings version 23.0.46.0
Settings migrated from: AutoCAD 2018 - English
Migration template file: C:\Program Files\Autodesk\AutoCAD 2019\AdMigrator.xml version 1.0
Migration performed on: 6/20/2019 9:15:11 AM

This log details the migration of settings from a previous version of AutoCAD.  Any problems encountered during the migration are listed in this log.

If you run into any problems with any of your migrated profiles, you can restore the default AutoCAD 2019 - English profile state by setting the <<AutoCAD 2019 - English Unnamed Profile>> to current from the Profiles tab of the Options dialog box.

You can restore the default AutoCAD 2019 - English installation settings by running "Reset Settings to Default" from the Windows Start menu->Programs->Autodesk->AutoCAD 2019 - English->Reset Settings to Default.

Creating backup of <<Unnamed Profile>> to <<AutoCAD 2019 - English Unnamed Profile>>.

Settings migrated from:

AutoCAD 2018 - English Installation Folder = "C:\Program Files\Autodesk\AutoCAD 2018\"

AutoCAD 2018 - English Local Profile Root Folder = "C:\Users\dngo\AppData\Local\Autodesk\AutoCAD 2018\R22.0\enu\"

AutoCAD 2018 - English Roamable Profile Root Folder = "C:\Users\dngo\AppData\Roaming\Autodesk\AutoCAD 2018\R22.0\enu\"

AutoCAD 2018 - English All Users Profile Root Folder = "C:\ProgramData\Autodesk\AutoCAD 2018\R22.0\enu\"

Settings migrated to:

AutoCAD 2019 - English Installation Folder = "C:\Program Files\Autodesk\AutoCAD 2019\"

AutoCAD 2019 - English Local Profile Root Folder = "C:\Users\dngo\AppData\Local\Autodesk\AutoCAD 2019\R23.0\enu\"

AutoCAD 2019 - English Roamable Profile Root Folder = "C:\Users\dngo\AppData\Roaming\Autodesk\AutoCAD 2019\R23.0\enu\"

AutoCAD 2019 - English All Users Profile Root Folder = "C:\ProgramData\Autodesk\AutoCAD 2019\R23.0\enu\"

File copied from "C:\Users\dngo\appdata\roaming\autodesk\autocad 2018\r22.0\enu\plotters\AutoCAD PDF (General Documentation).pc3" to "C:\Users\dngo\AppData\Roaming\Autodesk\AutoCAD 2019\R23.0\enu\Plotters\AutoCAD 2019 - English PC3 Files\AutoCAD PDF (General Documentation).pc3"

File copied from "C:\Users\dngo\appdata\roaming\autodesk\autocad 2018\r22.0\enu\plotters\AutoCAD PDF (High Quality Print).pc3" to "C:\Users\dngo\AppData\Roaming\Autodesk\AutoCAD 2019\R23.0\enu\Plotters\AutoCAD 2019 - English PC3 Files\AutoCAD PDF (High Quality Print).pc3"

File copied from "C:\Users\dngo\appdata\roaming\autodesk\autocad 2018\r22.0\enu\plotters\AutoCAD PDF (Smallest File).pc3" to "C:\Users\dngo\AppData\Roaming\Autodesk\AutoCAD 2019\R23.0\enu\Plotters\AutoCAD 2019 - English PC3 Files\AutoCAD PDF (Smallest File).pc3"

File copied from "C:\Users\dngo\appdata\roaming\autodesk\autocad 2018\r22.0\enu\plotters\AutoCAD PDF (Web and Mobile).pc3" to "C:\Users\dngo\AppData\Roaming\Autodesk\AutoCAD 2019\R23.0\enu\Plotters\AutoCAD 2019 - English PC3 Files\AutoCAD PDF (Web and Mobile).pc3"

File copied from "C:\Users\dngo\appdata\roaming\autodesk\autocad 2018\r22.0\enu\plotters\Default Windows System Printer.pc3" to "C:\Users\dngo\AppData\Roaming\Autodesk\AutoCAD 2019\R23.0\enu\Plotters\AutoCAD 2019 - English PC3 Files\Default Windows System Printer.pc3"

File copied from "C:\Users\dngo\appdata\roaming\autodesk\autocad 2018\r22.0\enu\plotters\DWF6 ePlot.pc3" to "C:\Users\dngo\AppData\Roaming\Autodesk\AutoCAD 2019\R23.0\enu\Plotters\AutoCAD 2019 - English PC3 Files\DWF6 ePlot.pc3"

File copied from "C:\Users\dngo\appdata\roaming\autodesk\autocad 2018\r22.0\enu\plotters\DWFx ePlot (XPS Compatible).pc3" to "C:\Users\dngo\AppData\Roaming\Autodesk\AutoCAD 2019\R23.0\enu\Plotters\AutoCAD 2019 - English PC3 Files\DWFx ePlot (XPS Compatible).pc3"

File copied from "C:\Users\dngo\appdata\roaming\autodesk\autocad 2018\r22.0\enu\plotters\DWG To PDF.pc3" to "C:\Users\dngo\AppData\Roaming\Autodesk\AutoCAD 2019\R23.0\enu\Plotters\AutoCAD 2019 - English PC3 Files\DWG To PDF.pc3"

File copied from "C:\Users\dngo\appdata\roaming\autodesk\autocad 2018\r22.0\enu\plotters\PublishToWeb JPG.pc3" to "C:\Users\dngo\AppData\Roaming\Autodesk\AutoCAD 2019\R23.0\enu\Plotters\AutoCAD 2019 - English PC3 Files\PublishToWeb JPG.pc3"

File copied from "C:\Users\dngo\appdata\roaming\autodesk\autocad 2018\r22.0\enu\plotters\PublishToWeb PNG.pc3" to "C:\Users\dngo\AppData\Roaming\Autodesk\AutoCAD 2019\R23.0\enu\Plotters\AutoCAD 2019 - English PC3 Files\PublishToWeb PNG.pc3"

File copied from "C:\Users\dngo\appdata\roaming\autodesk\autocad 2018\r22.0\enu\plotters\pmp files\AutoCAD PDF (General Documentation).pmp" to "C:\Users\dngo\AppData\Roaming\Autodesk\AutoCAD 2019\R23.0\enu\plotters\pmp files\AutoCAD PDF (General Documentation).pmp"

File copied from "C:\Users\dngo\appdata\roaming\autodesk\autocad 2018\r22.0\enu\plotters\pmp files\DWG To PDF.pmp" to "C:\Users\dngo\AppData\Roaming\Autodesk\AutoCAD 2019\R23.0\enu\plotters\pmp files\DWG To PDF.pmp"

File copied from "C:\Users\dngo\appdata\roaming\autodesk\autocad 2018\r22.0\enu\plotters\pmp files\DWG To PDFa.pmp" to "C:\Users\dngo\AppData\Roaming\Autodesk\AutoCAD 2019\R23.0\enu\plotters\pmp files\DWG To PDFa.pmp"

File copied from "C:\Users\dngo\appdata\roaming\autodesk\autocad 2018\r22.0\enu\plotters\pmp files\DWG To PDFaa.pmp" to "C:\Users\dngo\AppData\Roaming\Autodesk\AutoCAD 2019\R23.0\enu\plotters\pmp files\DWG To PDFaa.pmp"

File copied from "C:\Users\dngo\appdata\roaming\autodesk\autocad 2018\r22.0\enu\plotters\pmp files\PublishToWeb JPG.pmp" to "C:\Users\dngo\AppData\Roaming\Autodesk\AutoCAD 2019\R23.0\enu\plotters\pmp files\PublishToWeb JPG.pmp"

File copied from "C:\Users\dngo\appdata\roaming\autodesk\autocad 2018\r22.0\enu\plotters\pmp files\PublishToWeb PNG.pmp" to "C:\Users\dngo\AppData\Roaming\Autodesk\AutoCAD 2019\R23.0\enu\plotters\pmp files\PublishToWeb PNG.pmp"

File copied from "C:\Users\dngo\appdata\roaming\autodesk\autocad 2018\r22.0\enu\plotters\plot styles\acad.stb" to "C:\Users\dngo\AppData\Roaming\Autodesk\AutoCAD 2019\R23.0\enu\plotters\plot styles\acad.stb"

File copied from "C:\Users\dngo\appdata\roaming\autodesk\autocad 2018\r22.0\enu\plotters\plot styles\Autodesk-Color.stb" to "C:\Users\dngo\AppData\Roaming\Autodesk\AutoCAD 2019\R23.0\enu\plotters\plot styles\Autodesk-Color.stb"

File copied from "C:\Users\dngo\appdata\roaming\autodesk\autocad 2018\r22.0\enu\plotters\plot styles\Autodesk-MONO.stb" to "C:\Users\dngo\AppData\Roaming\Autodesk\AutoCAD 2019\R23.0\enu\plotters\plot styles\Autodesk-MONO.stb"

File copied from "C:\Users\dngo\appdata\roaming\autodesk\autocad 2018\r22.0\enu\plotters\plot styles\monochrome.stb" to "C:\Users\dngo\AppData\Roaming\Autodesk\AutoCAD 2019\R23.0\enu\plotters\plot styles\monochrome.stb"

File copied from "C:\Users\dngo\appdata\roaming\autodesk\autocad 2018\r22.0\enu\plotters\plot styles\acad.ctb" to "C:\Users\dngo\AppData\Roaming\Autodesk\AutoCAD 2019\R23.0\enu\plotters\plot styles\acad.ctb"

File copied from "C:\Users\dngo\appdata\roaming\autodesk\autocad 2018\r22.0\enu\plotters\plot styles\DWF Virtual Pens.ctb" to "C:\Users\dngo\AppData\Roaming\Autodesk\AutoCAD 2019\R23.0\enu\plotters\plot styles\DWF Virtual Pens.ctb"

File copied from "C:\Users\dngo\appdata\roaming\autodesk\autocad 2018\r22.0\enu\plotters\plot styles\Fill Patterns.ctb" to "C:\Users\dngo\AppData\Roaming\Autodesk\AutoCAD 2019\R23.0\enu\plotters\plot styles\Fill Patterns.ctb"

File copied from "C:\Users\dngo\appdata\roaming\autodesk\autocad 2018\r22.0\enu\plotters\plot styles\GEC_STANDARD.ctb" to "C:\Users\dngo\AppData\Roaming\Autodesk\AutoCAD 2019\R23.0\enu\plotters\plot styles\GEC_STANDARD.ctb"

File copied from "C:\Users\dngo\appdata\roaming\autodesk\autocad 2018\r22.0\enu\plotters\plot styles\Grayscale.ctb" to "C:\Users\dngo\AppData\Roaming\Autodesk\AutoCAD 2019\R23.0\enu\plotters\plot styles\Grayscale.ctb"

File copied from "C:\Users\dngo\appdata\roaming\autodesk\autocad 2018\r22.0\enu\plotters\plot styles\monochrome.ctb" to "C:\Users\dngo\AppData\Roaming\Autodesk\AutoCAD 2019\R23.0\enu\plotters\plot styles\monochrome.ctb"

File copied from "C:\Users\dngo\appdata\roaming\autodesk\autocad 2018\r22.0\enu\plotters\plot styles\Screening 100%.ctb" to "C:\Users\dngo\AppData\Roaming\Autodesk\AutoCAD 2019\R23.0\enu\plotters\plot styles\Screening 100%.ctb"

File copied from "C:\Users\dngo\appdata\roaming\autodesk\autocad 2018\r22.0\enu\plotters\plot styles\Screening 25%.ctb" to "C:\Users\dngo\AppData\Roaming\Autodesk\AutoCAD 2019\R23.0\enu\plotters\plot styles\Screening 25%.ctb"

File copied from "C:\Users\dngo\appdata\roaming\autodesk\autocad 2018\r22.0\enu\plotters\plot styles\Screening 50%.ctb" to "C:\Users\dngo\AppData\Roaming\Autodesk\AutoCAD 2019\R23.0\enu\plotters\plot styles\Screening 50%.ctb"

File copied from "C:\Users\dngo\appdata\roaming\autodesk\autocad 2018\r22.0\enu\plotters\plot styles\Screening 75%.ctb" to "C:\Users\dngo\AppData\Roaming\Autodesk\AutoCAD 2019\R23.0\enu\plotters\plot styles\Screening 75%.ctb"

File copied from "C:\Users\dngo\appdata\roaming\autodesk\autocad 2018\r22.0\enu\support\bigfont.ini" to "C:\Users\dngo\AppData\Roaming\Autodesk\AutoCAD 2019\R23.0\enu\support\bigfont.ini"

File copied from "C:\Users\dngo\appdata\roaming\autodesk\autocad 2018\r22.0\enu\support\gdt.shx" to "C:\Users\dngo\AppData\Roaming\Autodesk\AutoCAD 2019\R23.0\enu\support\gdt.shx"

File copied from "C:\Users\dngo\appdata\roaming\autodesk\autocad 2018\r22.0\enu\support\ltypeshp.shx" to "C:\Users\dngo\AppData\Roaming\Autodesk\AutoCAD 2019\R23.0\enu\support\ltypeshp.shx"

File copied from "C:\Users\dngo\appdata\roaming\autodesk\autocad 2018\r22.0\enu\support\simplex.shx" to "C:\Users\dngo\AppData\Roaming\Autodesk\AutoCAD 2019\R23.0\enu\support\simplex.shx"

File copied from "C:\Users\dngo\appdata\local\autodesk\autocad 2018\r22.0\enu\template\acad -Named Plot Styles.dwt" to "C:\Users\dngo\AppData\Local\Autodesk\AutoCAD 2019\R23.0\enu\template\acad -Named Plot Styles.dwt"

File copied from "C:\Users\dngo\appdata\local\autodesk\autocad 2018\r22.0\enu\template\acad -Named Plot Styles3D.dwt" to "C:\Users\dngo\AppData\Local\Autodesk\AutoCAD 2019\R23.0\enu\template\acad -Named Plot Styles3D.dwt"

File copied from "C:\Users\dngo\appdata\local\autodesk\autocad 2018\r22.0\enu\template\acad.dwt" to "C:\Users\dngo\AppData\Local\Autodesk\AutoCAD 2019\R23.0\enu\template\acad.dwt"

File copied from "C:\Users\dngo\appdata\local\autodesk\autocad 2018\r22.0\enu\template\acad3D.dwt" to "C:\Users\dngo\AppData\Local\Autodesk\AutoCAD 2019\R23.0\enu\template\acad3D.dwt"

File copied from "C:\Users\dngo\appdata\local\autodesk\autocad 2018\r22.0\enu\template\acadISO -Named Plot Styles.dwt" to "C:\Users\dngo\AppData\Local\Autodesk\AutoCAD 2019\R23.0\enu\template\acadISO -Named Plot Styles.dwt"

File copied from "C:\Users\dngo\appdata\local\autodesk\autocad 2018\r22.0\enu\template\acadISO -Named Plot Styles3D.dwt" to "C:\Users\dngo\AppData\Local\Autodesk\AutoCAD 2019\R23.0\enu\template\acadISO -Named Plot Styles3D.dwt"

File copied from "C:\Users\dngo\appdata\local\autodesk\autocad 2018\r22.0\enu\template\acadiso.dwt" to "C:\Users\dngo\AppData\Local\Autodesk\AutoCAD 2019\R23.0\enu\template\acadiso.dwt"

File copied from "C:\Users\dngo\appdata\local\autodesk\autocad 2018\r22.0\enu\template\acadiso3D.dwt" to "C:\Users\dngo\AppData\Local\Autodesk\AutoCAD 2019\R23.0\enu\template\acadiso3D.dwt"

File copied from "C:\Users\dngo\appdata\local\autodesk\autocad 2018\r22.0\enu\template\Architectural Imperial Sheet Set.dst" to "C:\Users\dngo\AppData\Local\Autodesk\AutoCAD 2019\R23.0\enu\template\Architectural Imperial Sheet Set.dst"

File copied from "C:\Users\dngo\appdata\local\autodesk\autocad 2018\r22.0\enu\template\Architectural Metric Sheet Set.dst" to "C:\Users\dngo\AppData\Local\Autodesk\AutoCAD 2019\R23.0\enu\template\Architectural Metric Sheet Set.dst"

File copied from "C:\Users\dngo\appdata\local\autodesk\autocad 2018\r22.0\enu\template\Architectural Title Block.dwg" to "C:\Users\dngo\AppData\Local\Autodesk\AutoCAD 2019\R23.0\enu\template\Architectural Title Block.dwg"

File copied from "C:\Users\dngo\appdata\local\autodesk\autocad 2018\r22.0\enu\template\Civil Imperial Sheet Set.dst" to "C:\Users\dngo\AppData\Local\Autodesk\AutoCAD 2019\R23.0\enu\template\Civil Imperial Sheet Set.dst"

File copied from "C:\Users\dngo\appdata\local\autodesk\autocad 2018\r22.0\enu\template\Civil Metric Sheet Set.dst" to "C:\Users\dngo\AppData\Local\Autodesk\AutoCAD 2019\R23.0\enu\template\Civil Metric Sheet Set.dst"

File copied from "C:\Users\dngo\appdata\local\autodesk\autocad 2018\r22.0\enu\template\Generic 24in x 36in Title Block.dwg" to "C:\Users\dngo\AppData\Local\Autodesk\AutoCAD 2019\R23.0\enu\template\Generic 24in x 36in Title Block.dwg"

File copied from "C:\Users\dngo\appdata\local\autodesk\autocad 2018\r22.0\enu\template\Manufacturing Imperial Sheet Set.dst" to "C:\Users\dngo\AppData\Local\Autodesk\AutoCAD 2019\R23.0\enu\template\Manufacturing Imperial Sheet Set.dst"

File copied from "C:\Users\dngo\appdata\local\autodesk\autocad 2018\r22.0\enu\template\Manufacturing Metric Sheet Set.dst" to "C:\Users\dngo\AppData\Local\Autodesk\AutoCAD 2019\R23.0\enu\template\Manufacturing Metric Sheet Set.dst"

File copied from "C:\Users\dngo\appdata\local\autodesk\autocad 2018\r22.0\enu\template\New Sheet Set.dst" to "C:\Users\dngo\AppData\Local\Autodesk\AutoCAD 2019\R23.0\enu\template\New Sheet Set.dst"

File copied from "C:\Users\dngo\appdata\local\autodesk\autocad 2018\r22.0\enu\template\Tutorial-iArch.dwt" to "C:\Users\dngo\AppData\Local\Autodesk\AutoCAD 2019\R23.0\enu\template\Tutorial-iArch.dwt"

File copied from "C:\Users\dngo\appdata\local\autodesk\autocad 2018\r22.0\enu\template\Tutorial-iMfg.dwt" to "C:\Users\dngo\AppData\Local\Autodesk\AutoCAD 2019\R23.0\enu\template\Tutorial-iMfg.dwt"

File copied from "C:\Users\dngo\appdata\local\autodesk\autocad 2018\r22.0\enu\template\Tutorial-mArch.dwt" to "C:\Users\dngo\AppData\Local\Autodesk\AutoCAD 2019\R23.0\enu\template\Tutorial-mArch.dwt"

File copied from "C:\Users\dngo\appdata\local\autodesk\autocad 2018\r22.0\enu\template\Tutorial-mMfg.dwt" to "C:\Users\dngo\AppData\Local\Autodesk\AutoCAD 2019\R23.0\enu\template\Tutorial-mMfg.dwt"

File copied from "C:\Users\dngo\appdata\local\autodesk\autocad 2018\r22.0\enu\template\V7-Imperial-Arch-01-Seed2D.dgn" to "C:\Users\dngo\AppData\Local\Autodesk\AutoCAD 2019\R23.0\enu\template\V7-Imperial-Arch-01-Seed2D.dgn"

File copied from "C:\Users\dngo\appdata\local\autodesk\autocad 2018\r22.0\enu\template\V7-Imperial-Arch-01-Seed3D.dgn" to "C:\Users\dngo\AppData\Local\Autodesk\AutoCAD 2019\R23.0\enu\template\V7-Imperial-Arch-01-Seed3D.dgn"

File copied from "C:\Users\dngo\appdata\local\autodesk\autocad 2018\r22.0\enu\template\V7-Imperial-Arch-02-Seed2D.dgn" to "C:\Users\dngo\AppData\Local\Autodesk\AutoCAD 2019\R23.0\enu\template\V7-Imperial-Arch-02-Seed2D.dgn"

File copied from "C:\Users\dngo\appdata\local\autodesk\autocad 2018\r22.0\enu\template\V7-Imperial-Arch-02-Seed3D.dgn" to "C:\Users\dngo\AppData\Local\Autodesk\AutoCAD 2019\R23.0\enu\template\V7-Imperial-Arch-02-Seed3D.dgn"

File copied from "C:\Users\dngo\appdata\local\autodesk\autocad 2018\r22.0\enu\template\V7-Imperial-Civil-01-Seed2D.dgn" to "C:\Users\dngo\AppData\Local\Autodesk\AutoCAD 2019\R23.0\enu\template\V7-Imperial-Civil-01-Seed2D.dgn"

File copied from "C:\Users\dngo\appdata\local\autodesk\autocad 2018\r22.0\enu\template\V7-Imperial-Civil-01-Seed3D.dgn" to "C:\Users\dngo\AppData\Local\Autodesk\AutoCAD 2019\R23.0\enu\template\V7-Imperial-Civil-01-Seed3D.dgn"

File copied from "C:\Users\dngo\appdata\local\autodesk\autocad 2018\r22.0\enu\template\V7-Imperial-Civil-02-Seed2D.dgn" to "C:\Users\dngo\AppData\Local\Autodesk\AutoCAD 2019\R23.0\enu\template\V7-Imperial-Civil-02-Seed2D.dgn"

File copied from "C:\Users\dngo\appdata\local\autodesk\autocad 2018\r22.0\enu\template\V7-Imperial-Civil-02-Seed3D.dgn" to "C:\Users\dngo\AppData\Local\Autodesk\AutoCAD 2019\R23.0\enu\template\V7-Imperial-Civil-02-Seed3D.dgn"

File copied from "C:\Users\dngo\appdata\local\autodesk\autocad 2018\r22.0\enu\template\V7-Metric-Seed2D.dgn" to "C:\Users\dngo\AppData\Local\Autodesk\AutoCAD 2019\R23.0\enu\template\V7-Metric-Seed2D.dgn"

File copied from "C:\Users\dngo\appdata\local\autodesk\autocad 2018\r22.0\enu\template\V7-Metric-Seed3D.dgn" to "C:\Users\dngo\AppData\Local\Autodesk\AutoCAD 2019\R23.0\enu\template\V7-Metric-Seed3D.dgn"

File copied from "C:\Users\dngo\appdata\local\autodesk\autocad 2018\r22.0\enu\template\V8-Imperial-Seed2D.dgn" to "C:\Users\dngo\AppData\Local\Autodesk\AutoCAD 2019\R23.0\enu\template\V8-Imperial-Seed2D.dgn"

File copied from "C:\Users\dngo\appdata\local\autodesk\autocad 2018\r22.0\enu\template\V8-Imperial-Seed3D.dgn" to "C:\Users\dngo\AppData\Local\Autodesk\AutoCAD 2019\R23.0\enu\template\V8-Imperial-Seed3D.dgn"

File copied from "C:\Users\dngo\appdata\local\autodesk\autocad 2018\r22.0\enu\template\V8-Metric-Seed2D.dgn" to "C:\Users\dngo\AppData\Local\Autodesk\AutoCAD 2019\R23.0\enu\template\V8-Metric-Seed2D.dgn"

File copied from "C:\Users\dngo\appdata\local\autodesk\autocad 2018\r22.0\enu\template\V8-Metric-Seed3D.dgn" to "C:\Users\dngo\AppData\Local\Autodesk\AutoCAD 2019\R23.0\enu\template\V8-Metric-Seed3D.dgn"

msg

