G:\64523\structural\Hudson_Collection\DET\4523_SN-2.dwg,SN-2 (24x36),3/7/2019 2:54:47 PM,dngo,DWG To PDF.pc3,ARCH full bleed D (24.00 x 36.00 Inches),1:1,
G:\64523\structural\Hudson_Collection\DET\4523_SN-3.dwg,SN-3 (24x36),3/7/2019 2:54:48 PM,dngo,DWG To PDF.pc3,ARCH full bleed D (24.00 x 36.00 Inches),1:1,
G:\64523\structural\Hudson_Collection\DET\4523_SN-4.dwg,SN-3 (24x36),3/7/2019 2:54:51 PM,dngo,DWG To PDF.pc3,ARCH full bleed D (24.00 x 36.00 Inches),1:1,
G:\64523\structural\Hudson_Collection\DET\4523_SN-1.dwg,SN-1,3/7/2019 2:55:53 PM,dngo,DWG To PDF.pc3,ARCH full bleed D (24.00 x 36.00 Inches),1:1,
G:\64523\structural\Hudson_Collection\DET\4523_SN-1.dwg,SN-1A,3/7/2019 2:55:53 PM,dngo,DWG To PDF.pc3,ARCH full bleed D (24.00 x 36.00 Inches),1:1,
G:\64523\structural\Hudson_Collection\DET\4523_SN-1.dwg,SW SCHEDULE,3/7/2019 2:55:54 PM,dngo,DWG To PDF.pc3,ARCH full bleed D (24.00 x 36.00 Inches),1:1,
G:\64523\structural\Hudson_Collection\DET\4523_SN-2.dwg,SN-2 (24x36),3/7/2019 2:55:56 PM,dngo,DWG To PDF.pc3,ARCH full bleed D (24.00 x 36.00 Inches),1:1,
G:\64523\structural\Hudson_Collection\DET\4523_SN-4.dwg,SN-3 (24x36),3/7/2019 2:55:59 PM,dngo,DWG To PDF.pc3,ARCH full bleed D (24.00 x 36.00 Inches),1:1,
G:\64523\structural\Hudson_Collection\DET\4523_SN-3.dwg,SN-3 (24x36),3/7/2019 2:56:04 PM,dngo,DWG To PDF.pc3,ARCH full bleed D (24.00 x 36.00 Inches),1:1,
G:\64523\structural\Hudson_Collection\DET\4523_SN-1.dwg,SN-1,3/7/2019 2:56:35 PM,dngo,DWG To PDF.pc3,ARCH full bleed D (24.00 x 36.00 Inches),1:1,
G:\64523\structural\Hudson_Collection\DET\4523_SN-1.dwg,SN-1A,3/7/2019 2:56:35 PM,dngo,DWG To PDF.pc3,ARCH full bleed D (24.00 x 36.00 Inches),1:1,
G:\64523\structural\Hudson_Collection\DET\4523_SN-1.dwg,SW SCHEDULE,3/7/2019 2:56:36 PM,dngo,DWG To PDF.pc3,ARCH full bleed D (24.00 x 36.00 Inches),1:1,
G:\64523\structural\Hudson_Collection\DET\4523_SN-2.dwg,SN-2 (24x36),3/7/2019 2:56:38 PM,dngo,DWG To PDF.pc3,ARCH full bleed D (24.00 x 36.00 Inches),1:1,
G:\64523\structural\Hudson_Collection\DET\4523_SN-4.dwg,SN-3 (24x36),3/7/2019 2:56:41 PM,dngo,DWG To PDF.pc3,ARCH full bleed D (24.00 x 36.00 Inches),1:1,
G:\64523\structural\Hudson_Collection\DET\4523_SN-3.dwg,SN-3 (24x36),3/7/2019 2:56:46 PM,dngo,DWG To PDF.pc3,ARCH full bleed D (24.00 x 36.00 Inches),1:1,
G:\64523\structural\Hudson_Collection\DET\4523_SN-2.dwg,SN-2 (24x36),03/07/19 15:57:04,dngo,DWG To PDF.pc3,ARCH full bleed D (24.00 x 36.00 Inches),1:1,
G:\64523\structural\Hudson_Collection\DET\4523_SN-3.dwg,SN-3 (24x36),03/07/19 15:57:04,dngo,DWG To PDF.pc3,ARCH full bleed D (24.00 x 36.00 Inches),1:1,
G:\64523\structural\Hudson_Collection\DET\4523_SN-4.dwg,SN-3 (24x36),03/07/19 15:57:07,dngo,DWG To PDF.pc3,ARCH full bleed D (24.00 x 36.00 Inches),1:1,
G:\64523\structural\Hudson_Collection\DET\4523_SN-2.dwg,SN-2 (24x36),03/07/19 15:57:24,dngo,DWG To PDF.pc3,ARCH full bleed D (24.00 x 36.00 Inches),1:1,
G:\64523\structural\Hudson_Collection\DET\4523_SN-3.dwg,SN-3 (24x36),03/07/19 15:57:25,dngo,DWG To PDF.pc3,ARCH full bleed D (24.00 x 36.00 Inches),1:1,
G:\64523\structural\Hudson_Collection\DET\4523_SN-4.dwg,SN-3 (24x36),03/07/19 15:57:28,dngo,DWG To PDF.pc3,ARCH full bleed D (24.00 x 36.00 Inches),1:1,
G:\64523\structural\Hudson_Collection\DET\4523_SD-5.dwg,SD-5 (24x36),03/07/19 16:10:11,dngo,DWG To PDF.pc3,ARCH full bleed D (24.00 x 36.00 Inches),1:1,
G:\64523\structural\Hudson_Collection\DET\4523_SD-4.dwg,SD-4 (24x36),03/07/19 16:10:12,dngo,DWG To PDF.pc3,ARCH full bleed D (24.00 x 36.00 Inches),1:1,
G:\64523\structural\Hudson_Collection\DET\4523_SN-1.dwg,SN-1,03/07/19 16:10:16,dngo,DWG To PDF.pc3,ARCH full bleed D (24.00 x 36.00 Inches),1:1,
G:\64523\structural\Hudson_Collection\DET\4523_SN-1.dwg,SN-1A,03/07/19 16:10:17,dngo,DWG To PDF.pc3,ARCH full bleed D (24.00 x 36.00 Inches),1:1,
G:\64523\structural\Hudson_Collection\DET\4523_SN-2.dwg,SN-2 (24x36),03/07/19 16:10:19,dngo,DWG To PDF.pc3,ARCH full bleed D (24.00 x 36.00 Inches),1:1,
G:\64523\structural\Hudson_Collection\DET\4523_SN-4.dwg,SN-3 (24x36),03/07/19 16:10:23,dngo,DWG To PDF.pc3,ARCH full bleed D (24.00 x 36.00 Inches),1:1,
G:\64523\structural\Hudson_Collection\DET\4523_SN-3.dwg,SN-3 (24x36),03/07/19 16:10:27,dngo,DWG To PDF.pc3,ARCH full bleed D (24.00 x 36.00 Inches),1:1,
N:\Miscellaneous\63458\DET\3458_SD2.dwg,SD-2 (30x42),03/07/19 16:25:21,thuynh,DWG To PDF.pc3,ARCH full bleed E1 (30.00 x 42.00 Inches),1:1,
N:\Miscellaneous\63458\DET\3458_PT1.dwg,PT-1 (30x42),03/07/19 16:25:22,thuynh,DWG To PDF.pc3,ARCH full bleed E1 (30.00 x 42.00 Inches),1:1,
G:\64523\structural\Hudson_Collection\DET\4523_SD-5.dwg,SD-5 (24x36),03/07/19 16:42:46,dngo,DWG To PDF.pc3,ARCH full bleed D (24.00 x 36.00 Inches),1:1,
G:\64523\structural\Hudson_Collection\DET\4523_SN-1.dwg,SN-1,03/07/19 16:42:47,dngo,DWG To PDF.pc3,ARCH full bleed D (24.00 x 36.00 Inches),1:1,
G:\64523\structural\Hudson_Collection\DET\4523_SN-1.dwg,SN-1A,03/07/19 16:42:48,dngo,DWG To PDF.pc3,ARCH full bleed D (24.00 x 36.00 Inches),1:1,
G:\64523\structural\Hudson_Collection\DET\4523_SN-2.dwg,SN-2 (24x36),03/07/19 16:42:55,dngo,DWG To PDF.pc3,ARCH full bleed D (24.00 x 36.00 Inches),1:1,
G:\64523\structural\Hudson_Collection\DET\4523_SN-3.dwg,SN-3 (24x36),03/07/19 16:42:56,dngo,DWG To PDF.pc3,ARCH full bleed D (24.00 x 36.00 Inches),1:1,
G:\64523\structural\Hudson_Collection\DET\4523_SN-4.dwg,SN-3 (24x36),03/07/19 16:42:59,dngo,DWG To PDF.pc3,ARCH full bleed D (24.00 x 36.00 Inches),1:1,
M:\Name\TPham\64887\STRUCTURAL\BUILDING\4887_BUILDING 7 - FRAMING.dwg,Layout1,03/07/19 17:39:55,dngo,DWG To PDF.pc3,ARCH full bleed E1 (30.00 x 42.00 Inches),1:1,
M:\Name\TPham\64887\STRUCTURAL\BUILDING\4887_BUILDING 7.dwg,S-1.1,03/07/19 17:40:33,dngo,DWG To PDF.pc3,ARCH full bleed E1 (30.00 x 42.00 Inches),1:1,
M:\Name\TPham\64887\STRUCTURAL\BUILDING\4887_BUILDING 7.dwg,S-1.1A,03/07/19 17:42:43,dngo,DWG To PDF.pc3,ARCH full bleed E1 (30.00 x 42.00 Inches),1:1,
M:\Name\TPham\64887\STRUCTURAL\BUILDING\4887_BUILDING 7.dwg,S-1.1B,03/07/19 17:44:58,dngo,DWG To PDF.pc3,ARCH full bleed E1 (30.00 x 42.00 Inches),1:1,
M:\Name\TPham\64887\STRUCTURAL\BUILDING\4887_BUILDING 7.dwg,S-1.1C,03/07/19 17:49:36,dngo,DWG To PDF.pc3,ARCH full bleed E1 (30.00 x 42.00 Inches),1:1,
M:\Name\TPham\64887\STRUCTURAL\BUILDING\4887_BUILDING 7.dwg,S-1.1D,03/07/19 17:51:34,dngo,DWG To PDF.pc3,ARCH full bleed E1 (30.00 x 42.00 Inches),1:1,
M:\Name\TPham\64887\STRUCTURAL\BUILDING\4887_BUILDING 7.dwg,S-1.2,03/07/19 17:53:08,dngo,DWG To PDF.pc3,ARCH full bleed E1 (30.00 x 42.00 Inches),1:1,
M:\Name\TPham\64887\STRUCTURAL\BUILDING\4887_BUILDING 7.dwg,S-1.2A,03/07/19 17:55:18,dngo,DWG To PDF.pc3,ARCH full bleed E1 (30.00 x 42.00 Inches),1:1,
M:\Name\TPham\64887\STRUCTURAL\BUILDING\4887_BUILDING 7.dwg,S-1.2B,03/07/19 17:58:00,dngo,DWG To PDF.pc3,ARCH full bleed E1 (30.00 x 42.00 Inches),1:1,
M:\Name\TPham\64887\STRUCTURAL\BUILDING\4887_BUILDING 7.dwg,S-1.2C,03/07/19 18:03:15,dngo,DWG To PDF.pc3,ARCH full bleed E1 (30.00 x 42.00 Inches),1:1,
M:\Name\TPham\64887\STRUCTURAL\BUILDING\4887_BUILDING 7.dwg,S-1.2D,03/07/19 18:06:01,dngo,DWG To PDF.pc3,ARCH full bleed E1 (30.00 x 42.00 Inches),1:1,
M:\Name\TPham\64887\STRUCTURAL\BUILDING\4887_BUILDING 7.dwg,S-1.3,03/07/19 18:08:48,dngo,DWG To PDF.pc3,ARCH full bleed E1 (30.00 x 42.00 Inches),1:1,
M:\Name\TPham\64887\STRUCTURAL\BUILDING\4887_BUILDING 7.dwg,S-1.3A,03/07/19 18:11:40,dngo,DWG To PDF.pc3,ARCH full bleed E1 (30.00 x 42.00 Inches),1:1,
M:\Name\TPham\64887\STRUCTURAL\BUILDING\4887_BUILDING 7.dwg,S-1.3B,03/07/19 18:14:37,dngo,DWG To PDF.pc3,ARCH full bleed E1 (30.00 x 42.00 Inches),1:1,
M:\Name\TPham\64887\STRUCTURAL\BUILDING\4887_BUILDING 7.dwg,S-1.3C,03/07/19 18:19:59,dngo,DWG To PDF.pc3,ARCH full bleed E1 (30.00 x 42.00 Inches),1:1,
M:\Name\TPham\64887\STRUCTURAL\BUILDING\4887_BUILDING 7.dwg,S-1.3D,03/07/19 18:22:54,dngo,DWG To PDF.pc3,ARCH full bleed E1 (30.00 x 42.00 Inches),1:1,
M:\Name\TPham\64887\STRUCTURAL\BUILDING\4887_BUILDING 7.dwg,S-1.4,03/07/19 18:25:51,dngo,DWG To PDF.pc3,ARCH full bleed E1 (30.00 x 42.00 Inches),1:1,
M:\Name\TPham\64887\STRUCTURAL\BUILDING\4887_BUILDING 7.dwg,S-1.4A,03/07/19 18:29:25,dngo,DWG To PDF.pc3,ARCH full bleed E1 (30.00 x 42.00 Inches),1:1,
M:\Name\TPham\64887\STRUCTURAL\BUILDING\4887_BUILDING 7.dwg,S-1.4B,03/07/19 18:32:32,dngo,DWG To PDF.pc3,ARCH full bleed E1 (30.00 x 42.00 Inches),1:1,
M:\Name\TPham\64887\STRUCTURAL\BUILDING\4887_BUILDING 7.dwg,S-1.4C,03/07/19 18:38:19,dngo,DWG To PDF.pc3,ARCH full bleed E1 (30.00 x 42.00 Inches),1:1,
M:\Name\TPham\64887\STRUCTURAL\BUILDING\4887_BUILDING 7.dwg,S-1.4D,03/07/19 18:41:22,dngo,DWG To PDF.pc3,ARCH full bleed E1 (30.00 x 42.00 Inches),1:1,
C:\Users\dngo\Desktop\4669_P_Notes.dwg,P-0.1,03/08/19 08:21:25,dngo,DWG To PDF.pc3,ARCH full bleed D (24.00 x 36.00 Inches),1:1,
C:\Users\dngo\Desktop\4669_P_Notes.dwg,P-0.2,03/08/19 08:21:27,dngo,DWG To PDF.pc3,ARCH full bleed D (24.00 x 36.00 Inches),1:1,
C:\Users\dngo\Desktop\4669_P_Notes.dwg,P-D.1,03/08/19 08:21:28,dngo,DWG To PDF.pc3,ARCH full bleed D (24.00 x 36.00 Inches),1:1,
C:\Users\dngo\Desktop\4669_P_Notes.dwg,P-D.2,03/08/19 08:21:30,dngo,DWG To PDF.pc3,ARCH full bleed D (24.00 x 36.00 Inches),1:1,
C:\Users\dngo\Desktop\63843\BUILDING\3843__BUILDING.dwg,S-1.1A,03/08/19 10:30:40,dngo,DWG To PDF.pc3,ARCH full bleed E1 (30.00 x 42.00 Inches),1:1,
C:\Users\dngo\Desktop\63843\BUILDING\3843__BUILDING.dwg,S-1.1B,03/08/19 10:30:54,dngo,DWG To PDF.pc3,ARCH full bleed E1 (30.00 x 42.00 Inches),1:1,
C:\Users\dngo\Desktop\63843\BUILDING\3843__BUILDING.dwg,S-1.1C,03/08/19 10:31:08,dngo,DWG To PDF.pc3,ARCH full bleed E1 (30.00 x 42.00 Inches),1:1,
C:\Users\dngo\Desktop\63843\BUILDING\3843__BUILDING.dwg,S-1.1D,03/08/19 10:31:22,dngo,DWG To PDF.pc3,ARCH full bleed E1 (30.00 x 42.00 Inches),1:1,
C:\Users\dngo\Desktop\63843\BUILDING\3843__BUILDING.dwg,S-1.2A,03/08/19 10:31:36,dngo,DWG To PDF.pc3,ARCH full bleed E1 (30.00 x 42.00 Inches),1:1,
C:\Users\dngo\Desktop\63843\BUILDING\3843__BUILDING.dwg,S-1.2B,03/08/19 10:31:50,dngo,DWG To PDF.pc3,ARCH full bleed E1 (30.00 x 42.00 Inches),1:1,
C:\Users\dngo\Desktop\63843\BUILDING\3843__BUILDING.dwg,S-1.2C,03/08/19 10:32:03,dngo,DWG To PDF.pc3,ARCH full bleed E1 (30.00 x 42.00 Inches),1:1,
C:\Users\dngo\Desktop\63843\BUILDING\3843__BUILDING.dwg,S-1.2D,03/08/19 10:32:18,dngo,DWG To PDF.pc3,ARCH full bleed E1 (30.00 x 42.00 Inches),1:1,
C:\Users\dngo\Desktop\63843\BUILDING\3843__BUILDING.dwg,S-1.3A,03/08/19 10:32:32,dngo,DWG To PDF.pc3,ARCH full bleed E1 (30.00 x 42.00 Inches),1:1,
C:\Users\dngo\Desktop\63843\BUILDING\3843__BUILDING.dwg,S-1.3B,03/08/19 10:32:46,dngo,DWG To PDF.pc3,ARCH full bleed E1 (30.00 x 42.00 Inches),1:1,
C:\Users\dngo\Desktop\63843\BUILDING\3843__BUILDING.dwg,S-1.3C,03/08/19 10:33:00,dngo,DWG To PDF.pc3,ARCH full bleed E1 (30.00 x 42.00 Inches),1:1,
C:\Users\dngo\Desktop\63843\BUILDING\3843__BUILDING.dwg,S-1.3D,03/08/19 10:33:14,dngo,DWG To PDF.pc3,ARCH full bleed E1 (30.00 x 42.00 Inches),1:1,
C:\Users\dngo\Desktop\63843\BUILDING\3843__BUILDING.dwg,S-1.4A,03/08/19 10:33:28,dngo,DWG To PDF.pc3,ARCH full bleed E1 (30.00 x 42.00 Inches),1:1,
C:\Users\dngo\Desktop\63843\BUILDING\3843__BUILDING.dwg,S-1.4B,03/08/19 10:33:42,dngo,DWG To PDF.pc3,ARCH full bleed E1 (30.00 x 42.00 Inches),1:1,
C:\Users\dngo\Desktop\63843\BUILDING\3843__BUILDING.dwg,S-1.4C,03/08/19 10:33:57,dngo,DWG To PDF.pc3,ARCH full bleed E1 (30.00 x 42.00 Inches),1:1,
C:\Users\dngo\Desktop\63843\BUILDING\3843__BUILDING.dwg,S-1.4D,03/08/19 10:34:11,dngo,DWG To PDF.pc3,ARCH full bleed E1 (30.00 x 42.00 Inches),1:1,
C:\Users\dngo\Desktop\63843\BUILDING\3843__BUILDING.dwg,S-1.5A,03/08/19 10:34:25,dngo,DWG To PDF.pc3,ARCH full bleed E1 (30.00 x 42.00 Inches),1:1,
C:\Users\dngo\Desktop\63843\BUILDING\3843__BUILDING.dwg,S-1.5B,03/08/19 10:34:39,dngo,DWG To PDF.pc3,ARCH full bleed E1 (30.00 x 42.00 Inches),1:1,
C:\Users\dngo\Desktop\63843\BUILDING\3843__BUILDING.dwg,S-1.5C,03/08/19 10:34:53,dngo,DWG To PDF.pc3,ARCH full bleed E1 (30.00 x 42.00 Inches),1:1,
C:\Users\dngo\Desktop\63843\BUILDING\3843__BUILDING.dwg,S-1.5D,03/08/19 10:35:06,dngo,DWG To PDF.pc3,ARCH full bleed E1 (30.00 x 42.00 Inches),1:1,
C:\Users\dngo\Desktop\63843\BUILDING\3843__BUILDING.dwg,S-1.6A,03/08/19 10:35:19,dngo,DWG To PDF.pc3,ARCH full bleed E1 (30.00 x 42.00 Inches),1:1,
C:\Users\dngo\Desktop\63843\BUILDING\3843__BUILDING.dwg,S-1.6B,03/08/19 10:35:34,dngo,DWG To PDF.pc3,ARCH full bleed E1 (30.00 x 42.00 Inches),1:1,
G:\65074\STRUCTURAL\PLAN 35 Farmhouse\5074_PLAN 35-FH.dwg,S-1.1,03/11/19 09:25:05,dngo,DWG To PDF.pc3,ARCH full bleed D (24.00 x 36.00 Inches),1:1,
G:\65074\STRUCTURAL\PLAN 35 Farmhouse\5074_PLAN 35-FH.dwg,S-1.2,03/11/19 09:25:07,dngo,DWG To PDF.pc3,ARCH full bleed D (24.00 x 36.00 Inches),1:1,
G:\65074\STRUCTURAL\PLAN 35 Farmhouse\5074_PLAN 35-FH.dwg,S-1.3,03/11/19 09:25:09,dngo,DWG To PDF.pc3,ARCH full bleed D (24.00 x 36.00 Inches),1:1,
G:\65029\OFFLINE\19_02_19\5029_PLAN.dwg,S-1.1,03/11/19 09:53:28,dngo,DWG To PDF.pc3,ARCH full bleed E1 (30.00 x 42.00 Inches),1:1,
G:\65029\OFFLINE\19_02_19\5029_PLAN.dwg,S-1.2,03/11/19 09:53:29,dngo,DWG To PDF.pc3,ARCH full bleed E1 (30.00 x 42.00 Inches),1:1,
G:\64933\SCHOOL\4933-Plan.dwg,S-1.1,03/11/19 11:15:12,dngo,DWG To PDF.pc3,ARCH full bleed D (24.00 x 36.00 Inches),1:1,
G:\64933\SCHOOL\4933-Plan.dwg,S-1.2,03/11/19 11:15:14,dngo,DWG To PDF.pc3,ARCH full bleed D (24.00 x 36.00 Inches),1:1,
G:\64933\SCHOOL\DET\4933_CONV FOUND CBC 2013-2016.dwg,SD-1 (24x36),03/11/19 11:15:16,dngo,DWG To PDF.pc3,ARCH full bleed D (24.00 x 36.00 Inches),1:1,
G:\64933\SCHOOL\DET\4933_SD-3.dwg,SD-# (24x36),03/11/19 11:15:20,dngo,DWG To PDF.pc3,ARCH full bleed D (24.00 x 36.00 Inches),1:1,
G:\64933\SCHOOL\DET\4933_SD-2.dwg,SD-2 (24x36),03/11/19 11:15:27,dngo,DWG To PDF.pc3,ARCH full bleed D (24.00 x 36.00 Inches),1:1,
G:\64933\SCHOOL\DET\4933_SN-1 CBC 2016.dwg,S I (24x36),03/11/19 11:15:33,dngo,DWG To PDF.pc3,ARCH full bleed D (24.00 x 36.00 Inches),1:1,
G:\64933\SCHOOL\DET\4933_SN-1 CBC 2016.dwg,SN-1 (24x36),03/11/19 11:15:34,dngo,DWG To PDF.pc3,ARCH full bleed D (24.00 x 36.00 Inches),1:1,
G:\64933\SCHOOL\DET\4933_SN-2.dwg,SN-2 (24x36),03/11/19 11:15:38,dngo,DWG To PDF.pc3,ARCH full bleed D (24.00 x 36.00 Inches),1:1,
G:\64933\SCHOOL\DET\4933-SN-1 IBC 2015.dwg,S I (24x36),03/11/19 11:15:42,dngo,DWG To PDF.pc3,ARCH full bleed D (24.00 x 36.00 Inches),1:1,
G:\64933\SCHOOL\DET\4933-SN-1 IBC 2015.dwg,SN-1 (24x36),03/11/19 11:15:44,dngo,DWG To PDF.pc3,ARCH full bleed D (24.00 x 36.00 Inches),1:1,
G:\64933\SCHOOL\DET\4933_SN-3.dwg,SN-3 (24x36),03/11/19 11:15:46,dngo,DWG To PDF.pc3,ARCH full bleed D (24.00 x 36.00 Inches),1:1,
G:\63999\DET\3999_SD-1 PODIUM.dwg,SD-1 (30x42),03/12/19 08:21:14,dngo,DWG To PDF.pc3,ARCH full bleed E1 (30.00 x 42.00 Inches),1:1,
G:\63999\DET\3999_SD-2.dwg,SD-2 (30x42),03/12/19 08:21:14,dngo,DWG To PDF.pc3,ARCH full bleed E1 (30.00 x 42.00 Inches),1:1,
G:\63999\DET\3999_SD-3.dwg,SD-3 (30x42),03/12/19 08:21:16,dngo,DWG To PDF.pc3,ARCH full bleed E1 (30.00 x 42.00 Inches),1:1,
G:\63999\DET\3999_SD-5.dwg,SD-6 (30x42),03/12/19 08:21:21,dngo,DWG To PDF.pc3,ARCH full bleed E1 (30.00 x 42.00 Inches),1:1,
G:\63999\DET\3999_SD-4.dwg,SD-4,03/12/19 08:21:23,dngo,DWG To PDF.pc3,ARCH full bleed E1 (30.00 x 42.00 Inches),1:1,
G:\63999\DET\3999_SN-1 new.dwg,S I (30x42),03/12/19 08:21:25,dngo,DWG To PDF.pc3,ARCH full bleed E1 (30.00 x 42.00 Inches),1:1,
G:\63999\DET\3999_SN-1.dwg,S I (30x42),03/12/19 08:21:26,dngo,DWG To PDF.pc3,ARCH full bleed E1 (30.00 x 42.00 Inches),1:1,
G:\63999\DET\3999_SN-1.dwg,SN-1 (30x42),03/12/19 08:21:27,dngo,DWG To PDF.pc3,ARCH full bleed E1 (30.00 x 42.00 Inches),1:1,
G:\63999\DET\3999_SN-1 new.dwg,SN-1 (30x42),03/12/19 08:21:28,dngo,DWG To PDF.pc3,ARCH full bleed E1 (30.00 x 42.00 Inches),1:1,
G:\63999\DET\3999_SN-1 new.dwg,SW SCHEDULE,03/12/19 08:21:32,dngo,DWG To PDF.pc3,ARCH full bleed E1 (30.00 x 42.00 Inches),1:1,
G:\63999\DET\3999_SN-2.dwg,SN-2 (30x42),03/12/19 08:21:33,dngo,DWG To PDF.pc3,ARCH full bleed E1 (30.00 x 42.00 Inches),1:1,
G:\63999\DET\3999_SN-3.dwg,SN-3 (30x42),03/12/19 08:21:36,dngo,DWG To PDF.pc3,ARCH full bleed E1 (30.00 x 42.00 Inches),1:1,
G:\64018\G Drive (Plans)\64018_Plans.dwg,S-1.1 (24X36),03/12/19 08:23:32,dngo,DWG To PDF.pc3,ARCH full bleed E1 (30.00 x 42.00 Inches),1:1,
G:\64018\G Drive (Plans)\64018_Plans.dwg,S-1.2 (24X36),03/12/19 08:23:36,dngo,DWG To PDF.pc3,ARCH full bleed E1 (30.00 x 42.00 Inches),1:1,
G:\64018\G Drive (Plans)\64018_Plans.dwg,S-1.3 (24X36),03/12/19 08:23:41,dngo,DWG To PDF.pc3,ARCH full bleed E1 (30.00 x 42.00 Inches),1:1,
G:\64027\DET\4027_SN-1.dwg,SN-1 (24x36),03/12/19 08:24:34,dngo,DWG To PDF.pc3,ARCH full bleed D (24.00 x 36.00 Inches),1:1,
G:\64027\DET\4027_SN-1.dwg,SN-1B,03/12/19 08:24:35,dngo,DWG To PDF.pc3,ARCH full bleed D (24.00 x 36.00 Inches),1:1,
G:\64027\DET\4027_SN-1.dwg,SN-1C,03/12/19 08:24:36,dngo,DWG To PDF.pc3,ARCH full bleed D (24.00 x 36.00 Inches),1:1,
G:\64523\structural\Hudson_Collection\BUILDING\4523_BD 501,502.dwg,S-3.1,03/12/19 08:28:59,dngo,DWG To PDF.pc3,ARCH full bleed D (24.00 x 36.00 Inches),1:1,
G:\64523\structural\Hudson_Collection\BUILDING\4523_BD 421,422.dwg,S-1.1,03/12/19 08:29:03,dngo,DWG To PDF.pc3,ARCH full bleed D (24.00 x 36.00 Inches),1:1,
G:\64523\structural\Hudson_Collection\BUILDING\4523_BD 501,502.dwg,S-3.2,03/12/19 08:29:39,dngo,DWG To PDF.pc3,ARCH full bleed D (24.00 x 36.00 Inches),1:1,
G:\64523\structural\Hudson_Collection\BUILDING\4523_BD 601,602,603,604.dwg,Layout1,03/12/19 08:30:01,dngo,DWG To PDF.pc3,ARCH full bleed D (24.00 x 36.00 Inches),1:1,
G:\64523\structural\Hudson_Collection\BUILDING\4523_BD 421,422.dwg,S-1.2,03/12/19 08:29:47,dngo,DWG To PDF.pc3,ARCH full bleed D (24.00 x 36.00 Inches),1:1,
G:\64523\structural\Hudson_Collection\BUILDING\4523_BD 501,502.dwg,S-3.3,03/12/19 08:30:08,dngo,DWG To PDF.pc3,ARCH full bleed D (24.00 x 36.00 Inches),1:1,
G:\64523\structural\Hudson_Collection\BUILDING\4523_BD 601,602,603,604.dwg,S-5.1,03/12/19 08:30:51,dngo,DWG To PDF.pc3,ARCH full bleed D (24.00 x 36.00 Inches),1:1,
G:\64523\structural\Hudson_Collection\BUILDING\4523_BD 421,422.dwg,S-1.3,03/12/19 08:30:53,dngo,DWG To PDF.pc3,ARCH full bleed D (24.00 x 36.00 Inches),1:1,
G:\64523\structural\Hudson_Collection\BUILDING\4523_BD 501,502.dwg,S-3.4,03/12/19 08:31:34,dngo,DWG To PDF.pc3,ARCH full bleed D (24.00 x 36.00 Inches),1:1,
G:\64523\structural\Hudson_Collection\BUILDING\4523_BD 601,602,603,604.dwg,S-5.1A,03/12/19 08:31:44,dngo,DWG To PDF.pc3,ARCH full bleed D (24.00 x 36.00 Inches),1:1,
G:\64523\structural\Hudson_Collection\BUILDING\4523_BD 421,422.dwg,S-1.4,03/12/19 08:32:00,dngo,DWG To PDF.pc3,ARCH full bleed D (24.00 x 36.00 Inches),1:1,
G:\64523\structural\Hudson_Collection\BUILDING\4523_BD 501,502.dwg,S-4.1,03/12/19 08:32:27,dngo,DWG To PDF.pc3,ARCH full bleed D (24.00 x 36.00 Inches),1:1,
G:\64523\structural\Hudson_Collection\BUILDING\4523_BD 601,602,603,604.dwg,S-5.2,03/12/19 08:32:31,dngo,DWG To PDF.pc3,ARCH full bleed D (24.00 x 36.00 Inches),1:1,
G:\64523\structural\Hudson_Collection\BUILDING\4523_BD 421,422.dwg,S-2.1,03/12/19 08:32:43,dngo,DWG To PDF.pc3,ARCH full bleed D (24.00 x 36.00 Inches),1:1,
G:\64523\structural\Hudson_Collection\BUILDING\4523_BD 501,502.dwg,S-4.2,03/12/19 08:33:08,dngo,DWG To PDF.pc3,ARCH full bleed D (24.00 x 36.00 Inches),1:1,
G:\64523\structural\Hudson_Collection\BUILDING\4523_BD 501,502.dwg,S-4.3,03/12/19 08:33:45,dngo,DWG To PDF.pc3,ARCH full bleed D (24.00 x 36.00 Inches),1:1,
G:\64523\structural\Hudson_Collection\BUILDING\4523_BD 421,422.dwg,S-2.2,03/12/19 08:33:44,dngo,DWG To PDF.pc3,ARCH full bleed D (24.00 x 36.00 Inches),1:1,
G:\64523\structural\Hudson_Collection\BUILDING\4523_BD 601,602,603,604.dwg,S-5.2A,03/12/19 08:34:13,dngo,DWG To PDF.pc3,ARCH full bleed D (24.00 x 36.00 Inches),1:1,
G:\64523\structural\Hudson_Collection\BUILDING\4523_BD 501,502.dwg,S-4.4,03/12/19 08:34:34,dngo,DWG To PDF.pc3,ARCH full bleed D (24.00 x 36.00 Inches),1:1,
G:\64523\structural\Hudson_Collection\BUILDING\4523_BD 601,602,603,604.dwg,S-5.3,03/12/19 08:35:03,dngo,DWG To PDF.pc3,ARCH full bleed D (24.00 x 36.00 Inches),1:1,
G:\64523\structural\Hudson_Collection\BUILDING\4523_BD 421,422.dwg,S-2.3,03/12/19 08:34:58,dngo,DWG To PDF.pc3,ARCH full bleed D (24.00 x 36.00 Inches),1:1,
G:\64523\structural\Hudson_Collection\BUILDING\4523_BD 421,422.dwg,S-2.4,03/12/19 08:35:51,dngo,DWG To PDF.pc3,ARCH full bleed D (24.00 x 36.00 Inches),1:1,
G:\64523\structural\Hudson_Collection\BUILDING\4523_BD 601,602,603,604.dwg,S-5.3A,03/12/19 08:35:54,dngo,DWG To PDF.pc3,ARCH full bleed D (24.00 x 36.00 Inches),1:1,
G:\64523\structural\Hudson_Collection\BUILDING\4523_BD 601,602,603,604.dwg,S-5.4,03/12/19 08:36:46,dngo,DWG To PDF.pc3,ARCH full bleed D (24.00 x 36.00 Inches),1:1,
G:\64523\structural\Hudson_Collection\BUILDING\4523_BD 801.dwg,S-15.1,03/12/19 08:36:55,dngo,DWG To PDF.pc3,ARCH full bleed D (24.00 x 36.00 Inches),1:1,
G:\64523\structural\Hudson_Collection\BUILDING\4523_BD 601,602,603,604.dwg,S-6.1,03/12/19 08:37:54,dngo,DWG To PDF.pc3,ARCH full bleed D (24.00 x 36.00 Inches),1:1,
G:\64523\structural\Hudson_Collection\BUILDING\4523_BD 801.dwg,S-15.1A,03/12/19 08:38:08,dngo,DWG To PDF.pc3,ARCH full bleed D (24.00 x 36.00 Inches),1:1,
G:\64523\structural\Hudson_Collection\BUILDING\4523_BD 701,702,703,704,705,706.dwg,S-10.1,03/12/19 08:38:46,dngo,DWG To PDF.pc3,ARCH full bleed D (24.00 x 36.00 Inches),1:1,
G:\64523\structural\Hudson_Collection\BUILDING\4523_BD 601,602,603,604.dwg,S-6.1A,03/12/19 08:38:56,dngo,DWG To PDF.pc3,ARCH full bleed D (24.00 x 36.00 Inches),1:1,
G:\64523\structural\Hudson_Collection\BUILDING\4523_BD 801.dwg,S-15.2,03/12/19 08:39:49,dngo,DWG To PDF.pc3,ARCH full bleed D (24.00 x 36.00 Inches),1:1,
G:\64523\structural\Hudson_Collection\BUILDING\4523_BD 601,602,603,604.dwg,S-6.2,03/12/19 08:39:55,dngo,DWG To PDF.pc3,ARCH full bleed D (24.00 x 36.00 Inches),1:1,
G:\64523\structural\Hudson_Collection\BUILDING\4523_BD 701,702,703,704,705,706.dwg,S-10.1A,03/12/19 08:40:19,dngo,DWG To PDF.pc3,ARCH full bleed D (24.00 x 36.00 Inches),1:1,
G:\64523\structural\Hudson_Collection\BUILDING\4523_BD 601,602,603,604.dwg,S-6.2A,03/12/19 08:40:51,dngo,DWG To PDF.pc3,ARCH full bleed D (24.00 x 36.00 Inches),1:1,
G:\64523\structural\Hudson_Collection\BUILDING\4523_BD 801.dwg,S-15.2A,03/12/19 08:41:07,dngo,DWG To PDF.pc3,ARCH full bleed D (24.00 x 36.00 Inches),1:1,
G:\64523\structural\Hudson_Collection\BUILDING\4523_BD 701,702,703,704,705,706.dwg,S-10.2,03/12/19 08:41:54,dngo,DWG To PDF.pc3,ARCH full bleed D (24.00 x 36.00 Inches),1:1,
G:\64523\structural\Hudson_Collection\BUILDING\4523_BD 601,602,603,604.dwg,S-6.3,03/12/19 08:42:00,dngo,DWG To PDF.pc3,ARCH full bleed D (24.00 x 36.00 Inches),1:1,
G:\64523\structural\Hudson_Collection\BUILDING\4523_BD 801.dwg,S-15.3,03/12/19 08:43:06,dngo,DWG To PDF.pc3,ARCH full bleed D (24.00 x 36.00 Inches),1:1,
G:\64523\structural\Hudson_Collection\BUILDING\4523_BD 601,602,603,604.dwg,S-6.3A,03/12/19 08:43:16,dngo,DWG To PDF.pc3,ARCH full bleed D (24.00 x 36.00 Inches),1:1,
G:\64523\structural\Hudson_Collection\BUILDING\4523_BD 701,702,703,704,705,706.dwg,S-10.2A,03/12/19 08:43:42,dngo,DWG To PDF.pc3,ARCH full bleed D (24.00 x 36.00 Inches),1:1,
G:\64523\structural\Hudson_Collection\BUILDING\4523_BD 801.dwg,S-15.3A,03/12/19 08:43:47,dngo,DWG To PDF.pc3,ARCH full bleed D (24.00 x 36.00 Inches),1:1,
G:\64523\structural\Hudson_Collection\BUILDING\4523_BD 801.dwg,S-15.4,03/12/19 08:44:38,dngo,DWG To PDF.pc3,ARCH full bleed D (24.00 x 36.00 Inches),1:1,
G:\64523\structural\Hudson_Collection\BUILDING\4523_BD 701,702,703,704,705,706.dwg,S-10.3,03/12/19 08:45:10,dngo,DWG To PDF.pc3,ARCH full bleed D (24.00 x 36.00 Inches),1:1,
G:\64523\structural\Hudson_Collection\BUILDING\4523_BD 601,602,603,604.dwg,S-6.4,03/12/19 08:45:08,dngo,DWG To PDF.pc3,ARCH full bleed D (24.00 x 36.00 Inches),1:1,
G:\64523\structural\Hudson_Collection\BUILDING\4523_BD 801.dwg,S-15.4A,03/12/19 08:45:14,dngo,DWG To PDF.pc3,ARCH full bleed D (24.00 x 36.00 Inches),1:1,
G:\64523\structural\Hudson_Collection\BUILDING\4523_BD 601,602,603,604.dwg,S-7.1,03/12/19 08:46:15,dngo,DWG To PDF.pc3,ARCH full bleed D (24.00 x 36.00 Inches),1:1,
G:\64523\structural\Hudson_Collection\BUILDING\4523_BD 701,702,703,704,705,706.dwg,S-10.3A,03/12/19 08:46:32,dngo,DWG To PDF.pc3,ARCH full bleed D (24.00 x 36.00 Inches),1:1,
G:\64523\structural\Hudson_Collection\BUILDING\4523_BD 601,602,603,604.dwg,S-7.1A,03/12/19 08:47:07,dngo,DWG To PDF.pc3,ARCH full bleed D (24.00 x 36.00 Inches),1:1,
G:\64523\structural\Hudson_Collection\BUILDING\4523_BD 701,702,703,704,705,706.dwg,S-10.4,03/12/19 08:47:49,dngo,DWG To PDF.pc3,ARCH full bleed D (24.00 x 36.00 Inches),1:1,
G:\64523\structural\Hudson_Collection\BUILDING\4523_BD 601,602,603,604.dwg,S-7.2,03/12/19 08:47:59,dngo,DWG To PDF.pc3,ARCH full bleed D (24.00 x 36.00 Inches),1:1,
G:\64523\structural\Hudson_Collection\BUILDING\4523_BD 701,702,703,704,705,706.dwg,S-10.4A,03/12/19 08:49:01,dngo,DWG To PDF.pc3,ARCH full bleed D (24.00 x 36.00 Inches),1:1,
G:\64523\structural\Hudson_Collection\BUILDING\4523_BD 601,602,603,604.dwg,S-7.2A,03/12/19 08:48:54,dngo,DWG To PDF.pc3,ARCH full bleed D (24.00 x 36.00 Inches),1:1,
G:\64523\structural\Hudson_Collection\BUILDING\4523_BD 601,602,603,604.dwg,S-7.3,03/12/19 08:49:50,dngo,DWG To PDF.pc3,ARCH full bleed D (24.00 x 36.00 Inches),1:1,
G:\64523\structural\Hudson_Collection\BUILDING\4523_BD 701,702,703,704,705,706.dwg,S-11.1,03/12/19 08:50:11,dngo,DWG To PDF.pc3,ARCH full bleed D (24.00 x 36.00 Inches),1:1,
G:\64523\structural\Hudson_Collection\BUILDING\4523_BD 601,602,603,604.dwg,S-7.3A,03/12/19 08:50:45,dngo,DWG To PDF.pc3,ARCH full bleed D (24.00 x 36.00 Inches),1:1,
G:\64523\structural\Hudson_Collection\BUILDING\4523_BD 701,702,703,704,705,706.dwg,S-11.1A,03/12/19 08:51:22,dngo,DWG To PDF.pc3,ARCH full bleed D (24.00 x 36.00 Inches),1:1,
G:\64523\structural\Hudson_Collection\BUILDING\4523_BD 601,602,603,604.dwg,S-7.4,03/12/19 08:51:48,dngo,DWG To PDF.pc3,ARCH full bleed D (24.00 x 36.00 Inches),1:1,
G:\64523\structural\Hudson_Collection\BUILDING\4523_BD 601,602,603,604.dwg,S-8.1,03/12/19 08:52:36,dngo,DWG To PDF.pc3,ARCH full bleed D (24.00 x 36.00 Inches),1:1,
G:\64523\structural\Hudson_Collection\BUILDING\4523_BD 701,702,703,704,705,706.dwg,S-11.2,03/12/19 08:52:32,dngo,DWG To PDF.pc3,ARCH full bleed D (24.00 x 36.00 Inches),1:1,
G:\64523\structural\Hudson_Collection\BUILDING\4523_BD 601,602,603,604.dwg,S-8.1A,03/12/19 08:53:16,dngo,DWG To PDF.pc3,ARCH full bleed D (24.00 x 36.00 Inches),1:1,
G:\64523\structural\Hudson_Collection\BUILDING\4523_BD 701,702,703,704,705,706.dwg,S-11.2A,03/12/19 08:53:43,dngo,DWG To PDF.pc3,ARCH full bleed D (24.00 x 36.00 Inches),1:1,
G:\64523\structural\Hudson_Collection\BUILDING\4523_BD 601,602,603,604.dwg,S-8.2,03/12/19 08:54:02,dngo,DWG To PDF.pc3,ARCH full bleed D (24.00 x 36.00 Inches),1:1,
G:\64523\structural\Hudson_Collection\BUILDING\4523_BD 601,602,603,604.dwg,S-8.2A,03/12/19 08:54:52,dngo,DWG To PDF.pc3,ARCH full bleed D (24.00 x 36.00 Inches),1:1,
G:\64523\structural\Hudson_Collection\BUILDING\4523_BD 701,702,703,704,705,706.dwg,S-11.3,03/12/19 08:55:01,dngo,DWG To PDF.pc3,ARCH full bleed D (24.00 x 36.00 Inches),1:1,
G:\64523\structural\Hudson_Collection\BUILDING\4523_BD 601,602,603,604.dwg,S-8.3,03/12/19 08:55:45,dngo,DWG To PDF.pc3,ARCH full bleed D (24.00 x 36.00 Inches),1:1,
G:\64523\structural\Hudson_Collection\BUILDING\4523_BD 701,702,703,704,705,706.dwg,S-11.3A,03/12/19 08:56:22,dngo,DWG To PDF.pc3,ARCH full bleed D (24.00 x 36.00 Inches),1:1,
G:\64523\structural\Hudson_Collection\BUILDING\4523_BD 601,602,603,604.dwg,S-8.3A,03/12/19 08:56:35,dngo,DWG To PDF.pc3,ARCH full bleed D (24.00 x 36.00 Inches),1:1,
G:\64523\structural\Hudson_Collection\BUILDING\4523_BD 601,602,603,604.dwg,S-8.4,03/12/19 08:57:29,dngo,DWG To PDF.pc3,ARCH full bleed D (24.00 x 36.00 Inches),1:1,
G:\64523\structural\Hudson_Collection\BUILDING\4523_BD 701,702,703,704,705,706.dwg,S-11.4,03/12/19 08:57:41,dngo,DWG To PDF.pc3,ARCH full bleed D (24.00 x 36.00 Inches),1:1,
G:\64523\structural\Hudson_Collection\BUILDING\4523_BD 701,702,703,704,705,706.dwg,S-11.4A,03/12/19 08:58:47,dngo,DWG To PDF.pc3,ARCH full bleed D (24.00 x 36.00 Inches),1:1,
G:\64523\structural\Hudson_Collection\BUILDING\4523_BD 701,702,703,704,705,706.dwg,S-12.1,03/12/19 08:59:52,dngo,DWG To PDF.pc3,ARCH full bleed D (24.00 x 36.00 Inches),1:1,
G:\64523\structural\Hudson_Collection\BUILDING\4523_BD 701,702,703,704,705,706.dwg,S-12.1A,03/12/19 09:00:56,dngo,DWG To PDF.pc3,ARCH full bleed D (24.00 x 36.00 Inches),1:1,
G:\64523\structural\Hudson_Collection\BUILDING\4523_BD 701,702,703,704,705,706.dwg,S-12.2,03/12/19 09:02:04,dngo,DWG To PDF.pc3,ARCH full bleed D (24.00 x 36.00 Inches),1:1,
G:\64523\structural\Hudson_Collection\BUILDING\4523_BD 701,702,703,704,705,706.dwg,S-12.2A,03/12/19 09:03:26,dngo,DWG To PDF.pc3,ARCH full bleed D (24.00 x 36.00 Inches),1:1,
G:\64523\structural\Hudson_Collection\BUILDING\4523_BD 701,702,703,704,705,706.dwg,S-12.3,03/12/19 09:04:40,dngo,DWG To PDF.pc3,ARCH full bleed D (24.00 x 36.00 Inches),1:1,
G:\64523\structural\Hudson_Collection\BUILDING\4523_BD 701,702,703,704,705,706.dwg,S-12.3A,03/12/19 09:05:51,dngo,DWG To PDF.pc3,ARCH full bleed D (24.00 x 36.00 Inches),1:1,
G:\64523\structural\Hudson_Collection\BUILDING\4523_BD 701,702,703,704,705,706.dwg,S-12.4,03/12/19 09:06:55,dngo,DWG To PDF.pc3,ARCH full bleed D (24.00 x 36.00 Inches),1:1,
G:\64523\structural\Hudson_Collection\BUILDING\4523_BD 701,702,703,704,705,706.dwg,S-12.4A,03/12/19 09:07:57,dngo,DWG To PDF.pc3,ARCH full bleed D (24.00 x 36.00 Inches),1:1,
G:\64523\structural\Hudson_Collection\BUILDING\4523_BD 701,702,703,704,705,706.dwg,S-13.1,03/12/19 09:08:56,dngo,DWG To PDF.pc3,ARCH full bleed D (24.00 x 36.00 Inches),1:1,
G:\64523\structural\Hudson_Collection\BUILDING\4523_BD 701,702,703,704,705,706.dwg,S-13.1A,03/12/19 09:09:55,dngo,DWG To PDF.pc3,ARCH full bleed D (24.00 x 36.00 Inches),1:1,
G:\64523\structural\Hudson_Collection\BUILDING\4523_BD 701,702,703,704,705,706.dwg,S-13.2,03/12/19 09:10:54,dngo,DWG To PDF.pc3,ARCH full bleed D (24.00 x 36.00 Inches),1:1,
G:\64523\structural\Hudson_Collection\BUILDING\4523_BD 701,702,703,704,705,706.dwg,S-13.2A,03/12/19 09:12:00,dngo,DWG To PDF.pc3,ARCH full bleed D (24.00 x 36.00 Inches),1:1,
G:\64523\structural\Hudson_Collection\BUILDING\4523_BD 701,702,703,704,705,706.dwg,S-13.3,03/12/19 09:13:09,dngo,DWG To PDF.pc3,ARCH full bleed D (24.00 x 36.00 Inches),1:1,
G:\64523\structural\Hudson_Collection\BUILDING\4523_BD 701,702,703,704,705,706.dwg,S-13.3A,03/12/19 09:14:18,dngo,DWG To PDF.pc3,ARCH full bleed D (24.00 x 36.00 Inches),1:1,
G:\64523\structural\Hudson_Collection\BUILDING\4523_BD 701,702,703,704,705,706.dwg,S-13.4,03/12/19 09:15:27,dngo,DWG To PDF.pc3,ARCH full bleed D (24.00 x 36.00 Inches),1:1,
G:\64523\structural\Hudson_Collection\BUILDING\4523_BD 701,702,703,704,705,706.dwg,S-13.4A,03/12/19 09:16:29,dngo,DWG To PDF.pc3,ARCH full bleed D (24.00 x 36.00 Inches),1:1,
G:\64523\structural\Hudson_Collection\BUILDING\4523_BD 701,702,703,704,705,706.dwg,S-14.1,03/12/19 09:17:29,dngo,DWG To PDF.pc3,ARCH full bleed D (24.00 x 36.00 Inches),1:1,
G:\64523\structural\Hudson_Collection\BUILDING\4523_BD 701,702,703,704,705,706.dwg,S-14.1A,03/12/19 09:18:27,dngo,DWG To PDF.pc3,ARCH full bleed D (24.00 x 36.00 Inches),1:1,
G:\64523\structural\Hudson_Collection\BUILDING\4523_BD 701,702,703,704,705,706.dwg,S-14.2,03/12/19 09:19:27,dngo,DWG To PDF.pc3,ARCH full bleed D (24.00 x 36.00 Inches),1:1,
G:\64523\structural\Hudson_Collection\BUILDING\4523_BD 701,702,703,704,705,706.dwg,S-14.2A,03/12/19 09:20:36,dngo,DWG To PDF.pc3,ARCH full bleed D (24.00 x 36.00 Inches),1:1,
G:\64523\structural\Hudson_Collection\BUILDING\4523_BD 701,702,703,704,705,706.dwg,S-14.3,03/12/19 09:21:36,dngo,DWG To PDF.pc3,ARCH full bleed D (24.00 x 36.00 Inches),1:1,
G:\64523\structural\Hudson_Collection\BUILDING\4523_BD 701,702,703,704,705,706.dwg,S-14.3A,03/12/19 09:22:40,dngo,DWG To PDF.pc3,ARCH full bleed D (24.00 x 36.00 Inches),1:1,
G:\64523\structural\Hudson_Collection\BUILDING\4523_BD 701,702,703,704,705,706.dwg,S-14.4,03/12/19 09:23:43,dngo,DWG To PDF.pc3,ARCH full bleed D (24.00 x 36.00 Inches),1:1,
G:\64523\structural\Hudson_Collection\BUILDING\4523_BD 701,702,703,704,705,706.dwg,S-14.4A,03/12/19 09:24:47,dngo,DWG To PDF.pc3,ARCH full bleed D (24.00 x 36.00 Inches),1:1,
G:\64523\structural\Hudson_Collection\BUILDING\4523_BD 701,702,703,704,705,706.dwg,S-9.1,03/12/19 09:25:44,dngo,DWG To PDF.pc3,ARCH full bleed D (24.00 x 36.00 Inches),1:1,
G:\64523\structural\Hudson_Collection\BUILDING\4523_BD 701,702,703,704,705,706.dwg,S-9.1A,03/12/19 09:26:37,dngo,DWG To PDF.pc3,ARCH full bleed D (24.00 x 36.00 Inches),1:1,
G:\64523\structural\Hudson_Collection\BUILDING\4523_BD 701,702,703,704,705,706.dwg,S-9.2,03/12/19 09:27:37,dngo,DWG To PDF.pc3,ARCH full bleed D (24.00 x 36.00 Inches),1:1,
G:\64523\structural\Hudson_Collection\BUILDING\4523_BD 701,702,703,704,705,706.dwg,S-9.2A,03/12/19 09:28:39,dngo,DWG To PDF.pc3,ARCH full bleed D (24.00 x 36.00 Inches),1:1,
G:\64523\structural\Hudson_Collection\BUILDING\4523_BD 701,702,703,704,705,706.dwg,S-9.3,03/12/19 09:29:44,dngo,DWG To PDF.pc3,ARCH full bleed D (24.00 x 36.00 Inches),1:1,
G:\64523\structural\Hudson_Collection\BUILDING\4523_BD 701,702,703,704,705,706.dwg,S-9.3A,03/12/19 09:30:48,dngo,DWG To PDF.pc3,ARCH full bleed D (24.00 x 36.00 Inches),1:1,
G:\64523\structural\Hudson_Collection\BUILDING\4523_BD 701,702,703,704,705,706.dwg,S-9.4,03/12/19 09:31:52,dngo,DWG To PDF.pc3,ARCH full bleed D (24.00 x 36.00 Inches),1:1,
G:\64523\structural\Hudson_Collection\BUILDING\4523_BD 701,702,703,704,705,706.dwg,S-9.4A,03/12/19 09:32:50,dngo,DWG To PDF.pc3,ARCH full bleed D (24.00 x 36.00 Inches),1:1,
C:\Users\dngo\Desktop\BlockA.dwg,Layout1,03/12/19 11:10:19,dngo,DWG To PDF.pc3,ARCH full bleed D (24.00 x 36.00 Inches),1:1,
C:\Users\dngo\Desktop\BlockA.dwg,Layout1,03/12/19 14:20:35,dngo,DWG To PDF.pc3,ARCH full bleed D (24.00 x 36.00 Inches),1:1,
C:\Users\dngo\Desktop\BlockA.dwg,Layout1,03/12/19 14:21:40,dngo,DWG To PDF.pc3,ARCH full bleed D (24.00 x 36.00 Inches),1:1,
C:\Users\dngo\Desktop\4669_P_Notes.dwg,P-0.1,03/12/19 14:25:54,dngo,DWG To PDF.pc3,ARCH full bleed D (24.00 x 36.00 Inches),1:1,
C:\Users\dngo\Desktop\4669_P_Notes.dwg,P-0.2,03/12/19 14:25:56,dngo,DWG To PDF.pc3,ARCH full bleed D (24.00 x 36.00 Inches),1:1,
C:\Users\dngo\Desktop\4669_P_Notes.dwg,P-D.1,03/12/19 14:25:56,dngo,DWG To PDF.pc3,ARCH full bleed D (24.00 x 36.00 Inches),1:1,
C:\Users\dngo\Desktop\4669_P_Notes.dwg,P-D.2,03/12/19 14:25:58,dngo,DWG To PDF.pc3,ARCH full bleed D (24.00 x 36.00 Inches),1:1,
C:\Users\dngo\Desktop\64951\structural\PLAN\4951_PLAN 1.dwg,S-1.1,03/12/19 16:56:10,dngo,DWG To PDF.pc3,ARCH full bleed E1 (30.00 x 42.00 Inches),1:1,
C:\Users\dngo\Desktop\64951\structural\PLAN\4951_PLAN 1.dwg,SW_LAYOUT,03/12/19 16:56:11,dngo,DWG To PDF.pc3,ARCH full bleed E1 (30.00 x 42.00 Inches),1:1,
C:\Users\dngo\Desktop\64951\structural\PLAN\4951_PLAN 1.dwg,S-1.2,03/12/19 16:56:12,dngo,DWG To PDF.pc3,ARCH full bleed E1 (30.00 x 42.00 Inches),1:1,
C:\Users\dngo\Desktop\64951\structural\PLAN\4951_PLAN 1.dwg,S-1.3,03/12/19 16:56:14,dngo,DWG To PDF.pc3,ARCH full bleed E1 (30.00 x 42.00 Inches),1:1,
C:\Users\dngo\Desktop\64951\structural\PLAN\4951_PLAN 2.dwg,SW_LAYOUT,03/12/19 16:56:22,dngo,DWG To PDF.pc3,ARCH full bleed E1 (30.00 x 42.00 Inches),1:1,
C:\Users\dngo\Desktop\64951\structural\PLAN\4951_PLAN 2.dwg,S-2.1,03/12/19 16:56:18,dngo,DWG To PDF.pc3,ARCH full bleed E1 (30.00 x 42.00 Inches),1:1,
C:\Users\dngo\Desktop\64951\structural\PLAN\4951_PLAN 3.dwg,S-3.1,03/12/19 16:56:24,dngo,DWG To PDF.pc3,ARCH full bleed E1 (30.00 x 42.00 Inches),1:1,
C:\Users\dngo\Desktop\64951\structural\PLAN\4951_PLAN 2.dwg,S-2.2,03/12/19 16:56:27,dngo,DWG To PDF.pc3,ARCH full bleed E1 (30.00 x 42.00 Inches),1:1,
C:\Users\dngo\Desktop\64951\structural\PLAN\4951_PLAN 3.dwg,S-3.2,03/12/19 16:56:29,dngo,DWG To PDF.pc3,ARCH full bleed E1 (30.00 x 42.00 Inches),1:1,
C:\Users\dngo\Desktop\64951\structural\PLAN\4951_PLAN 4.dwg,S-4.1,03/12/19 16:56:33,dngo,DWG To PDF.pc3,ARCH full bleed E1 (30.00 x 42.00 Inches),1:1,
C:\Users\dngo\Desktop\64951\structural\PLAN\4951_PLAN 2.dwg,S-2.3,03/12/19 16:56:32,dngo,DWG To PDF.pc3,ARCH full bleed E1 (30.00 x 42.00 Inches),1:1,
C:\Users\dngo\Desktop\64951\structural\PLAN\4951_PLAN 3.dwg,SW_LAYOUT,03/12/19 16:56:36,dngo,DWG To PDF.pc3,ARCH full bleed E1 (30.00 x 42.00 Inches),1:1,
C:\Users\dngo\Desktop\64951\structural\PLAN\4951_PLAN 4.dwg,S-4.2,03/12/19 16:56:37,dngo,DWG To PDF.pc3,ARCH full bleed E1 (30.00 x 42.00 Inches),1:1,
C:\Users\dngo\Desktop\64951\structural\PLAN\4951_PLAN 4.dwg,SW_LAYOUT,03/12/19 16:56:42,dngo,DWG To PDF.pc3,ARCH full bleed E1 (30.00 x 42.00 Inches),1:1,
G:\63999\BUILDING\BD_SW1.dwg,Layout1,03/12/19 16:59:49,dngo,DWG To PDF.pc3,ARCH full bleed E1 (30.00 x 42.00 Inches),1:1,
G:\63999\BUILDING\BD_SW2.dwg,SW_LAYOUT,03/12/19 16:59:48,dngo,DWG To PDF.pc3,ARCH full bleed E1 (30.00 x 42.00 Inches),1:1,
G:\63999\BUILDING\BD_SW3.dwg,8.5x11,03/12/19 16:59:57,dngo,DWG To PDF.pc3,ARCH full bleed E1 (30.00 x 42.00 Inches),1:1,
G:\63999\BUILDING\BD_SW3.dwg,Layout1,03/12/19 17:00:01,dngo,DWG To PDF.pc3,ARCH full bleed E1 (30.00 x 42.00 Inches),1:1,
G:\63999\BUILDING\BD_SW1.dwg,SW-LAYOUT,03/12/19 17:00:00,dngo,DWG To PDF.pc3,ARCH full bleed E1 (30.00 x 42.00 Inches),1:1,
G:\63999\BUILDING\BD_SW3.dwg,SW_LAYOUT,03/12/19 17:00:09,dngo,DWG To PDF.pc3,ARCH full bleed E1 (30.00 x 42.00 Inches),1:1,
G:\63999\BUILDING\BD_SW4.dwg,Layout1,03/12/19 17:00:15,dngo,DWG To PDF.pc3,ARCH full bleed E1 (30.00 x 42.00 Inches),1:1,
G:\63999\BUILDING\BD_SW4.dwg,SW_LAYOUT,03/12/19 17:00:22,dngo,DWG To PDF.pc3,ARCH full bleed E1 (30.00 x 42.00 Inches),1:1,
G:\63999\BUILDING\BD_SW5.dwg,Layout1,03/12/19 17:00:33,dngo,DWG To PDF.pc3,ARCH full bleed E1 (30.00 x 42.00 Inches),1:1,
G:\63999\BUILDING\BD_SW5.dwg,SW_LAYOUT,03/12/19 17:00:39,dngo,DWG To PDF.pc3,ARCH full bleed E1 (30.00 x 42.00 Inches),1:1,
G:\63999\BUILDING\BUILDING.dwg,Layout1,03/12/19 17:01:03,dngo,DWG To PDF.pc3,ARCH full bleed E1 (30.00 x 42.00 Inches),1:1,
G:\63999\BUILDING\BUILDING.dwg,Layout4,03/12/19 17:01:28,dngo,DWG To PDF.pc3,ARCH full bleed E1 (30.00 x 42.00 Inches),1:1,
G:\63999\BUILDING\BUILDING.dwg,Layout2,03/12/19 17:02:35,dngo,DWG To PDF.pc3,ARCH full bleed E1 (30.00 x 42.00 Inches),1:1,
G:\63999\BUILDING\BUILDING.dwg,S-1.1A,03/12/19 17:02:43,dngo,DWG To PDF.pc3,ARCH full bleed E1 (30.00 x 42.00 Inches),1:1,
G:\63999\BUILDING\BUILDING.dwg,S-1.1C,03/12/19 17:03:40,dngo,DWG To PDF.pc3,ARCH full bleed E1 (30.00 x 42.00 Inches),1:1,
G:\63999\BUILDING\BUILDING.dwg,Layout3,03/12/19 17:04:10,dngo,DWG To PDF.pc3,ARCH full bleed E1 (30.00 x 42.00 Inches),1:1,
G:\63999\BUILDING\BUILDING.dwg,S-1.1B,03/12/19 17:04:51,dngo,DWG To PDF.pc3,ARCH full bleed E1 (30.00 x 42.00 Inches),1:1,
G:\63999\BUILDING\BUILDING.dwg,S-1.1D,03/12/19 17:05:11,dngo,DWG To PDF.pc3,ARCH full bleed E1 (30.00 x 42.00 Inches),1:1,
G:\63999\BUILDING\BUILDING.dwg,S-1.1F,03/12/19 17:06:36,dngo,DWG To PDF.pc3,ARCH full bleed E1 (30.00 x 42.00 Inches),1:1,
G:\63999\BUILDING\BUILDING.dwg,S-1.1E,03/12/19 17:07:25,dngo,DWG To PDF.pc3,ARCH full bleed E1 (30.00 x 42.00 Inches),1:1,
G:\63999\BUILDING\BUILDING.dwg,S-1.2A,03/12/19 17:08:02,dngo,DWG To PDF.pc3,ARCH full bleed E1 (30.00 x 42.00 Inches),1:1,
G:\63999\BUILDING\BUILDING.dwg,S-1.2C,03/12/19 17:08:26,dngo,DWG To PDF.pc3,ARCH full bleed E1 (30.00 x 42.00 Inches),1:1,
G:\63999\BUILDING\BUILDING.dwg,S-1.2B,03/12/19 17:09:35,dngo,DWG To PDF.pc3,ARCH full bleed E1 (30.00 x 42.00 Inches),1:1,
G:\63999\BUILDING\BUILDING.dwg,S-1.2D,03/12/19 17:10:37,dngo,DWG To PDF.pc3,ARCH full bleed E1 (30.00 x 42.00 Inches),1:1,
G:\63999\BUILDING\BUILDING.dwg,S-1.2F,03/12/19 17:10:40,dngo,DWG To PDF.pc3,ARCH full bleed E1 (30.00 x 42.00 Inches),1:1,
G:\63999\BUILDING\BUILDING.dwg,S-1.2E,03/12/19 17:12:12,dngo,DWG To PDF.pc3,ARCH full bleed E1 (30.00 x 42.00 Inches),1:1,
G:\63999\BUILDING\BUILDING.dwg,S-1.3A,03/12/19 17:12:34,dngo,DWG To PDF.pc3,ARCH full bleed E1 (30.00 x 42.00 Inches),1:1,
G:\63999\BUILDING\BUILDING.dwg,S-1.3C,03/12/19 17:13:16,dngo,DWG To PDF.pc3,ARCH full bleed E1 (30.00 x 42.00 Inches),1:1,
G:\63999\BUILDING\BUILDING.dwg,S-1.3B,03/12/19 17:14:01,dngo,DWG To PDF.pc3,ARCH full bleed E1 (30.00 x 42.00 Inches),1:1,
G:\63999\BUILDING\BUILDING.dwg,S-1.3D,03/12/19 17:15:05,dngo,DWG To PDF.pc3,ARCH full bleed E1 (30.00 x 42.00 Inches),1:1,
G:\63999\BUILDING\BUILDING.dwg,S-1.3F,03/12/19 17:15:22,dngo,DWG To PDF.pc3,ARCH full bleed E1 (30.00 x 42.00 Inches),1:1,
G:\63999\BUILDING\BUILDING.dwg,S-1.3E,03/12/19 17:16:42,dngo,DWG To PDF.pc3,ARCH full bleed E1 (30.00 x 42.00 Inches),1:1,
G:\63999\BUILDING\BUILDING.dwg,S-1.4A,03/12/19 17:17:10,dngo,DWG To PDF.pc3,ARCH full bleed E1 (30.00 x 42.00 Inches),1:1,
G:\63999\BUILDING\BUILDING.dwg,S-1.4C,03/12/19 17:17:44,dngo,DWG To PDF.pc3,ARCH full bleed E1 (30.00 x 42.00 Inches),1:1,
G:\63999\BUILDING\BUILDING.dwg,S-1.4B,03/12/19 17:18:34,dngo,DWG To PDF.pc3,ARCH full bleed E1 (30.00 x 42.00 Inches),1:1,
G:\63999\BUILDING\BUILDING.dwg,S-1.4D,03/12/19 17:19:37,dngo,DWG To PDF.pc3,ARCH full bleed E1 (30.00 x 42.00 Inches),1:1,
G:\63999\BUILDING\BUILDING.dwg,S-1.4F,03/12/19 17:19:49,dngo,DWG To PDF.pc3,ARCH full bleed E1 (30.00 x 42.00 Inches),1:1,
G:\63999\BUILDING\BUILDING.dwg,S-1.4E,03/12/19 17:21:17,dngo,DWG To PDF.pc3,ARCH full bleed E1 (30.00 x 42.00 Inches),1:1,
G:\63999\BUILDING\BUILDING.dwg,S-1.5A,03/12/19 17:21:38,dngo,DWG To PDF.pc3,ARCH full bleed E1 (30.00 x 42.00 Inches),1:1,
G:\63999\BUILDING\BUILDING.dwg,S-1.5C,03/12/19 17:22:16,dngo,DWG To PDF.pc3,ARCH full bleed E1 (30.00 x 42.00 Inches),1:1,
G:\63999\BUILDING\BUILDING.dwg,S-1.5B,03/12/19 17:23:03,dngo,DWG To PDF.pc3,ARCH full bleed E1 (30.00 x 42.00 Inches),1:1,
G:\63999\BUILDING\BUILDING.dwg,S-1.5F,03/12/19 17:24:16,dngo,DWG To PDF.pc3,ARCH full bleed E1 (30.00 x 42.00 Inches),1:1,
G:\63999\BUILDING\BUILDING.dwg,S-1.5D,03/12/19 17:24:13,dngo,DWG To PDF.pc3,ARCH full bleed E1 (30.00 x 42.00 Inches),1:1,
G:\63999\BUILDING\BUILDING.dwg,S-1.5E,03/12/19 17:25:51,dngo,DWG To PDF.pc3,ARCH full bleed E1 (30.00 x 42.00 Inches),1:1,
G:\63999\BUILDING\BUILDING.dwg,S-1.6A,03/12/19 17:26:11,dngo,DWG To PDF.pc3,ARCH full bleed E1 (30.00 x 42.00 Inches),1:1,
G:\63999\BUILDING\BUILDING.dwg,S-1.6D,03/12/19 17:26:51,dngo,DWG To PDF.pc3,ARCH full bleed E1 (30.00 x 42.00 Inches),1:1,
G:\63999\BUILDING\BUILDING.dwg,S-1.6C,03/12/19 17:27:28,dngo,DWG To PDF.pc3,ARCH full bleed E1 (30.00 x 42.00 Inches),1:1,
G:\63999\BUILDING\BUILDING.dwg,S-1.6E,03/12/19 17:28:06,dngo,DWG To PDF.pc3,ARCH full bleed E1 (30.00 x 42.00 Inches),1:1,
G:\63999\BUILDING\BUILDING.dwg,S-9,03/12/19 17:29:17,dngo,DWG To PDF.pc3,ARCH full bleed E1 (30.00 x 42.00 Inches),1:1,
C:\Users\dngo\Desktop\23-SD3.dwg,Layout1,3/13/2019 11:35:50 AM,dngo,DWG To PDF.pc3,ARCH full bleed D (24.00 x 36.00 Inches),1:1,
C:\Users\dngo\Desktop\4669_P_Notes.dwg,P-0.1,3/13/2019 11:35:52 AM,dngo,DWG To PDF.pc3,ARCH full bleed D (24.00 x 36.00 Inches),1:1,
C:\Users\dngo\Desktop\4669_P_Notes.dwg,P-0.2,3/13/2019 11:35:54 AM,dngo,DWG To PDF.pc3,ARCH full bleed D (24.00 x 36.00 Inches),1:1,
C:\Users\dngo\Desktop\4669_P_Notes.dwg,P-D.2,3/13/2019 11:35:54 AM,dngo,DWG To PDF.pc3,ARCH full bleed D (24.00 x 36.00 Inches),1:1,
C:\Users\dngo\Desktop\4831_PLAN.dwg,P-2.1,3/13/2019 11:35:54 AM,dngo,DWG To PDF.pc3,ARCH full bleed D (24.00 x 36.00 Inches),1:1,
C:\Users\dngo\Desktop\4669_P_Notes.dwg,P-D.1,3/13/2019 11:35:55 AM,dngo,DWG To PDF.pc3,ARCH full bleed D (24.00 x 36.00 Inches),1:1,
C:\Users\dngo\Desktop\4831_PLAN.dwg,P-2.2,3/13/2019 11:35:55 AM,dngo,DWG To PDF.pc3,ARCH full bleed D (24.00 x 36.00 Inches),1:1,
C:\Users\dngo\Desktop\BlockA.dwg,Layout1,3/13/2019 11:35:57 AM,dngo,DWG To PDF.pc3,ARCH full bleed D (24.00 x 36.00 Inches),1:1,
C:\Users\dngo\Desktop\Drawing1.dwg,8.5x11,3/13/2019 11:35:58 AM,dngo,DWG To PDF.pc3,ARCH full bleed D (24.00 x 36.00 Inches),1:1,
C:\Users\dngo\Desktop\Drawing1.dwg,Layout1,3/13/2019 11:35:58 AM,dngo,DWG To PDF.pc3,ARCH full bleed D (24.00 x 36.00 Inches),1:1,
G:\64824\STRUCTURAL\PLANS\4824_PLAN 16.dwg,S-11.3,03/14/19 08:27:24,dngo,DWG To PDF.pc3,GE_24x42 (24.00 x 42.00 Inches),1:1,
G:\64824\STRUCTURAL\PLANS\4824_PLAN 16.dwg,S-11.1,03/14/19 08:27:26,dngo,DWG To PDF.pc3,GE_24x42 (24.00 x 42.00 Inches),1:1,
G:\64824\STRUCTURAL\PLANS\4824_PLAN 16.dwg,S-11.4,03/14/19 08:27:30,dngo,DWG To PDF.pc3,GE_24x42 (24.00 x 42.00 Inches),1:1,
G:\64824\STRUCTURAL\PLANS\4824_PLAN 16.dwg,S-11.5,03/14/19 08:27:37,dngo,DWG To PDF.pc3,GE_24x42 (24.00 x 42.00 Inches),1:1,
G:\64824\STRUCTURAL\PLANS\4824_PLAN 16.dwg,S-11.1A,03/14/19 08:27:35,dngo,DWG To PDF.pc3,GE_24x42 (24.00 x 42.00 Inches),1:1,
G:\64824\STRUCTURAL\PLANS\4824_PLAN 16.dwg,S-11.2,03/14/19 08:27:41,dngo,DWG To PDF.pc3,GE_24x42 (24.00 x 42.00 Inches),1:1,
G:\64904\Structural\PLAN\4904_PLAN 1.dwg,S-1.1,3/14/2019 2:16:47 PM,dngo,DWG To PDF.pc3,ARCH full bleed D (24.00 x 36.00 Inches),1:1,
G:\64904\Structural\PLAN\4904_PLAN 1.dwg,S-1.2,3/14/2019 2:16:47 PM,dngo,DWG To PDF.pc3,ARCH full bleed D (24.00 x 36.00 Inches),1:1,
G:\61789\PLAN-1\0798XS1O.dwg,Layout1,03/14/19 15:07:31,dngo,DWG To PDF.pc3,ARCH full bleed D (24.00 x 36.00 Inches),1:1,
G:\61789\PLAN-1\0798XS1O.dwg,Layout2,03/14/19 15:07:32,dngo,DWG To PDF.pc3,ARCH full bleed D (24.00 x 36.00 Inches),1:1,
G:\61789\PLAN-1\0798PL1.dwg,REV-9-12-05,03/14/19 15:15:32,dngo,DWG To PDF.pc3,ARCH full bleed D (24.00 x 36.00 Inches),1:1,
G:\61789\PLAN-1\0798PL1.dwg,REV-9-21-05,03/14/19 15:15:33,dngo,DWG To PDF.pc3,ARCH full bleed D (24.00 x 36.00 Inches),1:1,
G:\61789\PLAN-1\0798XS1O.dwg,Layout1,03/14/19 15:18:44,dngo,DWG To PDF.pc3,ARCH full bleed D (24.00 x 36.00 Inches),1:1,
G:\61789\PLAN-1\0798XS1O.dwg,Layout2,03/14/19 15:18:45,dngo,DWG To PDF.pc3,ARCH full bleed D (24.00 x 36.00 Inches),1:1,
G:\61789\PLAN-1\0798XF1O.DWG,Layout1,03/14/19 15:19:57,dngo,DWG To PDF.pc3,ARCH full bleed D (24.00 x 36.00 Inches),1:1,
G:\61789\PLAN-1\0798XF1O.DWG,Layout2,03/14/19 15:19:58,dngo,DWG To PDF.pc3,ARCH full bleed D (24.00 x 36.00 Inches),1:1,
G:\61789\PLAN-1\0798SEC1.dwg,Layout1,03/14/19 15:21:25,dngo,DWG To PDF.pc3,ARCH full bleed D (24.00 x 36.00 Inches),1:1,
G:\61789\PLAN-1\0798XF1C.dwg,Layout1,03/14/19 15:26:03,dngo,DWG To PDF.pc3,ARCH full bleed D (24.00 x 36.00 Inches),1:1,
G:\61789\PLAN-1\0798XF1C.dwg,Layout2,03/14/19 15:26:03,dngo,DWG To PDF.pc3,ARCH full bleed D (24.00 x 36.00 Inches),1:1,
G:\61789\PLAN-1\0798PL1.dwg,REV-9-12-05,03/14/19 15:26:53,dngo,DWG To PDF.pc3,ARCH full bleed D (24.00 x 36.00 Inches),1:1,
G:\61789\PLAN-1\0798PL1.dwg,REV-9-21-05,03/14/19 15:26:55,dngo,DWG To PDF.pc3,ARCH full bleed D (24.00 x 36.00 Inches),1:1,
G:\61789\PLAN-1\0798XF1B.dwg,Layout1,03/14/19 15:29:35,dngo,DWG To PDF.pc3,ARCH full bleed D (24.00 x 36.00 Inches),1:1,
G:\61789\PLAN-1\0798XF1B.dwg,Layout2,03/14/19 15:29:36,dngo,DWG To PDF.pc3,ARCH full bleed D (24.00 x 36.00 Inches),1:1,
G:\61789\PLAN-1\0798XS1A1.dwg,Layout1,03/14/19 15:34:43,dngo,DWG To PDF.pc3,ARCH full bleed D (24.00 x 36.00 Inches),1:1,
G:\61789\PLAN-1\0798XS1A1.dwg,Layout2,03/14/19 15:34:43,dngo,DWG To PDF.pc3,ARCH full bleed D (24.00 x 36.00 Inches),1:1,
G:\61789\PLAN-1\0798XS1A1.dwg,Layout1,03/14/19 15:35:02,dngo,DWG To PDF.pc3,ARCH full bleed D (24.00 x 36.00 Inches),1:1,
G:\61789\PLAN-1\0798XS1A1.dwg,Layout2,03/14/19 15:35:02,dngo,DWG To PDF.pc3,ARCH full bleed D (24.00 x 36.00 Inches),1:1,
G:\64919\4919_PLAN.dwg,S-1.1,03/14/19 15:35:36,dngo,DWG To PDF.pc3,ARCH full bleed D (24.00 x 36.00 Inches),1:1,
G:\64919\4919_PLAN.dwg,S-1.2,03/14/19 15:35:38,dngo,DWG To PDF.pc3,ARCH full bleed D (24.00 x 36.00 Inches),1:1,
G:\64919\4919_PLAN.dwg,S-1.3,03/14/19 15:35:39,dngo,DWG To PDF.pc3,ARCH full bleed D (24.00 x 36.00 Inches),1:1,
G:\64919\4919_PLAN.dwg,8.5x11,03/14/19 15:39:16,dngo,DWG To PDF.pc3,ARCH full bleed D (24.00 x 36.00 Inches),1:1,
G:\64919\4919_PLAN.dwg,S-1.3,03/14/19 15:39:17,dngo,DWG To PDF.pc3,ARCH full bleed D (24.00 x 36.00 Inches),1:1,
G:\64919\4919_PLAN.dwg,S-1.1,03/14/19 15:39:18,dngo,DWG To PDF.pc3,ARCH full bleed D (24.00 x 36.00 Inches),1:1,
G:\64919\4919_PLAN.dwg,S-1.2,03/14/19 15:39:20,dngo,DWG To PDF.pc3,ARCH full bleed D (24.00 x 36.00 Inches),1:1,
G:\64919\4919_PLAN.dwg,8.5x11,03/14/19 15:44:05,dngo,DWG To PDF.pc3,ARCH full bleed D (24.00 x 36.00 Inches),1:1,
G:\64919\4919_PLAN.dwg,S-1.3,03/14/19 15:44:06,dngo,DWG To PDF.pc3,ARCH full bleed D (24.00 x 36.00 Inches),1:1,
G:\64919\4919_PLAN.dwg,S-1.1,03/14/19 15:44:07,dngo,DWG To PDF.pc3,ARCH full bleed D (24.00 x 36.00 Inches),1:1,
G:\64919\4919_PLAN.dwg,S-1.2,03/14/19 15:44:09,dngo,DWG To PDF.pc3,ARCH full bleed D (24.00 x 36.00 Inches),1:1,
G:\64919\4919_PLAN.dwg,S-1.1,03/14/19 15:46:10,dngo,DWG To PDF.pc3,ARCH full bleed D (24.00 x 36.00 Inches),1:1,
G:\64919\4919_PLAN.dwg,S-1.2,03/14/19 15:46:12,dngo,DWG To PDF.pc3,ARCH full bleed D (24.00 x 36.00 Inches),1:1,
G:\64919\4919_PLAN.dwg,S-1.3,03/14/19 15:46:14,dngo,DWG To PDF.pc3,ARCH full bleed D (24.00 x 36.00 Inches),1:1,
G:\64919\4919_FRAME_NOTE_NEW.dwg,Layout1,03/14/19 15:47:54,dngo,DWG To PDF.pc3,ARCH full bleed D (24.00 x 36.00 Inches),1:1,
G:\64919\4919_PLAN.dwg,8.5x11,03/14/19 15:55:07,dngo,DWG To PDF.pc3,ARCH full bleed D (24.00 x 36.00 Inches),1:1,
G:\64919\4919_PLAN.dwg,S-1.3,03/14/19 15:55:08,dngo,DWG To PDF.pc3,ARCH full bleed D (24.00 x 36.00 Inches),1:1,
G:\64919\4919_PLAN.dwg,S-1.1,03/14/19 15:55:09,dngo,DWG To PDF.pc3,ARCH full bleed D (24.00 x 36.00 Inches),1:1,
G:\64919\4919_PLAN.dwg,S-1.2,03/14/19 15:55:11,dngo,DWG To PDF.pc3,ARCH full bleed D (24.00 x 36.00 Inches),1:1,
G:\64974\structural\BUILDING\4974_CLUB_HOUSE.dwg,S-2.1,03/14/19 15:56:59,dngo,DWG To PDF.pc3,ARCH full bleed E1 (30.00 x 42.00 Inches),1:1,
G:\64974\structural\BUILDING\4974_CLUB_HOUSE.dwg,S-2.2,03/14/19 15:57:00,dngo,DWG To PDF.pc3,ARCH full bleed E1 (30.00 x 42.00 Inches),1:1,
G:\64974\structural\BUILDING\4974_CLUB_HOUSE.dwg,S-2.1,03/14/19 15:57:35,dngo,DWG To PDF.pc3,ARCH full bleed E1 (30.00 x 42.00 Inches),1:1,
G:\64974\structural\BUILDING\4974_CLUB_HOUSE.dwg,S-2.2,03/14/19 15:57:37,dngo,DWG To PDF.pc3,ARCH full bleed E1 (30.00 x 42.00 Inches),1:1,
G:\64974\structural\BUILDING\4974_SW.dwg,Layout1,03/14/19 15:57:39,dngo,DWG To PDF.pc3,ARCH full bleed E1 (30.00 x 42.00 Inches),1:1,
G:\64974\structural\BUILDING\4974_BUILDING.dwg,S-1.1D,03/14/19 16:41:31,dngo,DWG To PDF.pc3,ARCH full bleed E1 (30.00 x 42.00 Inches),1:1,
G:\64974\structural\BUILDING\4974_BUILDING.dwg,S-1.1A,03/14/19 16:41:51,dngo,DWG To PDF.pc3,ARCH full bleed E1 (30.00 x 42.00 Inches),1:1,
G:\64974\structural\BUILDING\4974_BUILDING.dwg,S-1.1E,03/14/19 16:42:38,dngo,DWG To PDF.pc3,ARCH full bleed E1 (30.00 x 42.00 Inches),1:1,
G:\64974\structural\BUILDING\4974_BUILDING.dwg,S-1.2B,03/14/19 16:42:25,dngo,DWG To PDF.pc3,ARCH full bleed E1 (30.00 x 42.00 Inches),1:1,
G:\64974\structural\BUILDING\4974_BUILDING.dwg,S-1.1B,03/14/19 16:43:28,dngo,DWG To PDF.pc3,ARCH full bleed E1 (30.00 x 42.00 Inches),1:1,
G:\64974\structural\BUILDING\4974_BUILDING.dwg,S-1.2A,03/14/19 16:43:30,dngo,DWG To PDF.pc3,ARCH full bleed E1 (30.00 x 42.00 Inches),1:1,
G:\64974\structural\BUILDING\4974_BUILDING.dwg,S-1.2C,03/14/19 16:44:10,dngo,DWG To PDF.pc3,ARCH full bleed E1 (30.00 x 42.00 Inches),1:1,
G:\64974\structural\BUILDING\4974_BUILDING.dwg,S-1.1C,03/14/19 16:44:21,dngo,DWG To PDF.pc3,ARCH full bleed E1 (30.00 x 42.00 Inches),1:1,
G:\64974\structural\BUILDING\4974_BUILDING.dwg,S-1.2D,03/14/19 16:45:09,dngo,DWG To PDF.pc3,ARCH full bleed E1 (30.00 x 42.00 Inches),1:1,
G:\64974\structural\BUILDING\4974_BUILDING.dwg,S-1.1A,03/14/19 16:47:25,dngo,DWG To PDF.pc3,ARCH full bleed E1 (30.00 x 42.00 Inches),1:1,
G:\64974\structural\BUILDING\4974_BUILDING.dwg,S-1.1D,03/14/19 16:47:45,dngo,DWG To PDF.pc3,ARCH full bleed E1 (30.00 x 42.00 Inches),1:1,
G:\64974\structural\BUILDING\4974_BUILDING.dwg,S-1.1B,03/14/19 16:48:28,dngo,DWG To PDF.pc3,ARCH full bleed E1 (30.00 x 42.00 Inches),1:1,
G:\64974\structural\BUILDING\4974_BUILDING.dwg,S-1.2B,03/14/19 16:48:12,dngo,DWG To PDF.pc3,ARCH full bleed E1 (30.00 x 42.00 Inches),1:1,
G:\64974\structural\BUILDING\4974_BUILDING.dwg,S-1.1E,03/14/19 16:49:23,dngo,DWG To PDF.pc3,ARCH full bleed E1 (30.00 x 42.00 Inches),1:1,
G:\64974\structural\BUILDING\4974_BUILDING.dwg,S-1.1C,03/14/19 16:49:26,dngo,DWG To PDF.pc3,ARCH full bleed E1 (30.00 x 42.00 Inches),1:1,
G:\64974\structural\BUILDING\4974_BUILDING.dwg,S-1.2A,03/14/19 16:50:16,dngo,DWG To PDF.pc3,ARCH full bleed E1 (30.00 x 42.00 Inches),1:1,
G:\64974\structural\BUILDING\4974_BUILDING.dwg,S-1.2C,03/14/19 16:50:07,dngo,DWG To PDF.pc3,ARCH full bleed E1 (30.00 x 42.00 Inches),1:1,
G:\64974\structural\BUILDING\4974_BUILDING.dwg,S-1.2D,03/14/19 16:51:12,dngo,DWG To PDF.pc3,ARCH full bleed E1 (30.00 x 42.00 Inches),1:1,
G:\64974\structural\BUILDING\4974_BUILDING.dwg,S-1.2E,03/14/19 16:52:01,dngo,DWG To PDF.pc3,ARCH full bleed E1 (30.00 x 42.00 Inches),1:1,
G:\64974\structural\BUILDING\4974_BUILDING.dwg,S-1.3C,03/14/19 16:52:03,dngo,DWG To PDF.pc3,ARCH full bleed E1 (30.00 x 42.00 Inches),1:1,
G:\64974\structural\BUILDING\4974_BUILDING.dwg,S-1.3A,03/14/19 16:53:16,dngo,DWG To PDF.pc3,ARCH full bleed E1 (30.00 x 42.00 Inches),1:1,
G:\64974\structural\BUILDING\4974_BUILDING.dwg,S-1.3D,03/14/19 16:53:29,dngo,DWG To PDF.pc3,ARCH full bleed E1 (30.00 x 42.00 Inches),1:1,
G:\64974\structural\BUILDING\4974_BUILDING.dwg,S-1.4A,03/14/19 16:54:13,dngo,DWG To PDF.pc3,ARCH full bleed E1 (30.00 x 42.00 Inches),1:1,
G:\64974\structural\BUILDING\4974_BUILDING.dwg,S-1.3B,03/14/19 16:54:32,dngo,DWG To PDF.pc3,ARCH full bleed E1 (30.00 x 42.00 Inches),1:1,
G:\64974\structural\BUILDING\4974_BUILDING.dwg,S-1.3E,03/14/19 16:55:10,dngo,DWG To PDF.pc3,ARCH full bleed E1 (30.00 x 42.00 Inches),1:1,
G:\64974\structural\BUILDING\4974_BUILDING.dwg,S-1.4B,03/14/19 16:55:20,dngo,DWG To PDF.pc3,ARCH full bleed E1 (30.00 x 42.00 Inches),1:1,
G:\64974\structural\BUILDING\4974_BUILDING.dwg,S-1.4C,03/14/19 16:56:23,dngo,DWG To PDF.pc3,ARCH full bleed E1 (30.00 x 42.00 Inches),1:1,
G:\64974\structural\BUILDING\4974_BUILDING.dwg,S-1.4D,03/14/19 16:56:24,dngo,DWG To PDF.pc3,ARCH full bleed E1 (30.00 x 42.00 Inches),1:1,
G:\64974\structural\BUILDING\4974_BUILDING.dwg,S-1.4E,03/14/19 16:57:26,dngo,DWG To PDF.pc3,ARCH full bleed E1 (30.00 x 42.00 Inches),1:1,
N:\65061\PLBG\PLAN 2B LOT 5\5061 P_NOTE PLAN 2B LOT 5.dwg,P-0.1,3/18/2019 7:56:36 AM,dngo,DWG To PDF.pc3,ARCH full bleed E1 (30.00 x 42.00 Inches),1:1,
N:\65061\PLBG\PLAN 2B LOT 5\5061 P_NOTE PLAN 2B LOT 5.dwg,P-0.2,3/18/2019 7:56:37 AM,dngo,DWG To PDF.pc3,ARCH full bleed E1 (30.00 x 42.00 Inches),1:1,
G:\64999\BUILDING\BD_15SL.dwg,S-1.1R,03/18/19 17:54:33,dngo,DWG To PDF.pc3,ARCH full bleed E1 (30.00 x 42.00 Inches),1:1,
G:\64999\BUILDING\BD_15SL.dwg,S-1.1,03/18/19 17:54:35,dngo,DWG To PDF.pc3,ARCH full bleed E1 (30.00 x 42.00 Inches),1:1,
G:\64999\BUILDING\BD_15SL.dwg,S-1.2,03/18/19 17:55:21,dngo,DWG To PDF.pc3,ARCH full bleed E1 (30.00 x 42.00 Inches),1:1,
G:\64999\BUILDING\BD_15SL.dwg,S-1.1A,03/18/19 17:55:36,dngo,DWG To PDF.pc3,ARCH full bleed E1 (30.00 x 42.00 Inches),1:1,
G:\64999\BUILDING\BD_15SL.dwg,S-1.3,03/18/19 17:56:09,dngo,DWG To PDF.pc3,ARCH full bleed E1 (30.00 x 42.00 Inches),1:1,
G:\64999\BUILDING\BD_15SL.dwg,S-1.2R,03/18/19 17:56:22,dngo,DWG To PDF.pc3,ARCH full bleed E1 (30.00 x 42.00 Inches),1:1,
G:\64999\BUILDING\BD_15SL.dwg,S-1.1AR,03/18/19 17:56:56,dngo,DWG To PDF.pc3,ARCH full bleed E1 (30.00 x 42.00 Inches),1:1,
G:\64999\BUILDING\BD_15SL.dwg,S-1.3R,03/18/19 17:56:57,dngo,DWG To PDF.pc3,ARCH full bleed E1 (30.00 x 42.00 Inches),1:1,
G:\64999\BUILDING\BD_15SL.dwg,S-1.4,03/18/19 17:57:50,dngo,DWG To PDF.pc3,ARCH full bleed E1 (30.00 x 42.00 Inches),1:1,
G:\64999\BUILDING\BD_15SL.dwg,S-1.4R,03/18/19 17:57:58,dngo,DWG To PDF.pc3,ARCH full bleed E1 (30.00 x 42.00 Inches),1:1,
G:\64999\BUILDING\BD_16DL.dwg,S-3.1,03/18/19 17:58:18,dngo,DWG To PDF.pc3,ARCH full bleed E1 (30.00 x 42.00 Inches),1:1,
G:\64999\BUILDING\BD_15SL.dwg,S-1.5,03/18/19 17:58:48,dngo,DWG To PDF.pc3,ARCH full bleed E1 (30.00 x 42.00 Inches),1:1,
G:\64999\BUILDING\BD_16DL.dwg,S-3.1A,03/18/19 17:58:50,dngo,DWG To PDF.pc3,ARCH full bleed E1 (30.00 x 42.00 Inches),1:1,
G:\64999\BUILDING\BD_16DL.dwg,S-3.3,03/18/19 17:59:19,dngo,DWG To PDF.pc3,ARCH full bleed E1 (30.00 x 42.00 Inches),1:1,
G:\64999\BUILDING\BD_16DL.dwg,S-3.2,03/18/19 17:59:30,dngo,DWG To PDF.pc3,ARCH full bleed E1 (30.00 x 42.00 Inches),1:1,
G:\64999\BUILDING\BD_15SL.dwg,S-1.5R,03/18/19 18:00:09,dngo,DWG To PDF.pc3,ARCH full bleed E1 (30.00 x 42.00 Inches),1:1,
G:\64999\BUILDING\BD_16DL.dwg,S-3.4,03/18/19 18:00:15,dngo,DWG To PDF.pc3,ARCH full bleed E1 (30.00 x 42.00 Inches),1:1,
G:\64999\BUILDING\BD_16SL.dwg,S-2.1,03/18/19 18:01:02,dngo,DWG To PDF.pc3,ARCH full bleed E1 (30.00 x 42.00 Inches),1:1,
G:\64999\BUILDING\BD_16SL.dwg,S-2.3,03/18/19 18:01:04,dngo,DWG To PDF.pc3,ARCH full bleed E1 (30.00 x 42.00 Inches),1:1,
G:\64999\BUILDING\BD_16SL.dwg,S-2.1A,03/18/19 18:01:36,dngo,DWG To PDF.pc3,ARCH full bleed E1 (30.00 x 42.00 Inches),1:1,
G:\64999\BUILDING\BD_16DL.dwg,S-3.5,03/18/19 18:01:28,dngo,DWG To PDF.pc3,ARCH full bleed E1 (30.00 x 42.00 Inches),1:1,
G:\64999\BUILDING\BD_16SL.dwg,S-2.4,03/18/19 18:01:55,dngo,DWG To PDF.pc3,ARCH full bleed E1 (30.00 x 42.00 Inches),1:1,
G:\64999\BUILDING\BD_16SL.dwg,S-2.2,03/18/19 18:02:09,dngo,DWG To PDF.pc3,ARCH full bleed E1 (30.00 x 42.00 Inches),1:1,
G:\64999\BUILDING\BD_16SL.dwg,S-2.5,03/18/19 18:02:37,dngo,DWG To PDF.pc3,ARCH full bleed E1 (30.00 x 42.00 Inches),1:1,
G:\64999\BUILDING\BD_36U.dwg,S-4.1,03/18/19 18:03:05,dngo,DWG To PDF.pc3,ARCH full bleed E1 (30.00 x 42.00 Inches),1:1,
G:\64999\BUILDING\BD_36U.dwg,S-4.1R,03/18/19 18:04:07,dngo,DWG To PDF.pc3,ARCH full bleed E1 (30.00 x 42.00 Inches),1:1,
G:\64999\BUILDING\BD_36U.dwg,S-4.3,03/18/19 18:04:40,dngo,DWG To PDF.pc3,ARCH full bleed E1 (30.00 x 42.00 Inches),1:1,
G:\64999\BUILDING\BD_36U.dwg,S-4.1A,03/18/19 18:04:46,dngo,DWG To PDF.pc3,ARCH full bleed E1 (30.00 x 42.00 Inches),1:1,
G:\64999\BUILDING\BD_36U.dwg,S-4.3R,03/18/19 18:07:02,dngo,DWG To PDF.pc3,ARCH full bleed E1 (30.00 x 42.00 Inches),1:1,
G:\64999\BUILDING\BD_36U.dwg,S-4.2,03/18/19 18:07:00,dngo,DWG To PDF.pc3,ARCH full bleed E1 (30.00 x 42.00 Inches),1:1,
G:\64999\BUILDING\BD_36U.dwg,S-4.1AR,03/18/19 18:08:06,dngo,DWG To PDF.pc3,ARCH full bleed E1 (30.00 x 42.00 Inches),1:1,
G:\64999\BUILDING\BD_36U.dwg,S-4.2R,03/18/19 18:09:05,dngo,DWG To PDF.pc3,ARCH full bleed E1 (30.00 x 42.00 Inches),1:1,
G:\64999\BUILDING\BD_36U.dwg,S-4.4,03/18/19 18:09:30,dngo,DWG To PDF.pc3,ARCH full bleed E1 (30.00 x 42.00 Inches),1:1,
G:\64999\BUILDING\BD_36U.dwg,S-4.6,03/18/19 18:12:12,dngo,DWG To PDF.pc3,ARCH full bleed E1 (30.00 x 42.00 Inches),1:1,
G:\64999\BUILDING\BD_36U.dwg,S-4.4R,03/18/19 18:12:02,dngo,DWG To PDF.pc3,ARCH full bleed E1 (30.00 x 42.00 Inches),1:1,
G:\64999\BUILDING\BD_36U.dwg,S-4.7R,03/18/19 18:13:28,dngo,DWG To PDF.pc3,ARCH full bleed E1 (30.00 x 42.00 Inches),1:1,
G:\64999\BUILDING\BD_36U.dwg,S-4.6R,03/18/19 18:13:59,dngo,DWG To PDF.pc3,ARCH full bleed E1 (30.00 x 42.00 Inches),1:1,
G:\64999\BUILDING\BD_36U.dwg,S-4.5,03/18/19 18:14:09,dngo,DWG To PDF.pc3,ARCH full bleed E1 (30.00 x 42.00 Inches),1:1,
G:\64999\BUILDING\BD_36U.dwg,S-4.7,03/18/19 18:16:17,dngo,DWG To PDF.pc3,ARCH full bleed E1 (30.00 x 42.00 Inches),1:1,
G:\64999\BUILDING\BD_36U.dwg,S-4.5R,03/18/19 18:16:26,dngo,DWG To PDF.pc3,ARCH full bleed E1 (30.00 x 42.00 Inches),1:1,
G:\64999\BUILDING\BD_48U.dwg,S-5.1,03/18/19 18:17:19,dngo,DWG To PDF.pc3,ARCH full bleed E1 (30.00 x 42.00 Inches),1:1,
G:\64999\BUILDING\BD_48U.dwg,S-5.1B,03/18/19 18:18:57,dngo,DWG To PDF.pc3,ARCH full bleed E1 (30.00 x 42.00 Inches),1:1,
G:\64999\BUILDING\BD_48U.dwg,S-5.10,03/18/19 18:19:02,dngo,DWG To PDF.pc3,ARCH full bleed E1 (30.00 x 42.00 Inches),1:1,
G:\64999\BUILDING\BD_48U.dwg,S-5.1A,03/18/19 18:20:35,dngo,DWG To PDF.pc3,ARCH full bleed E1 (30.00 x 42.00 Inches),1:1,
G:\64999\BUILDING\BD_48U.dwg,S-5.4,03/18/19 18:20:35,dngo,DWG To PDF.pc3,ARCH full bleed E1 (30.00 x 42.00 Inches),1:1,
G:\64999\BUILDING\BD_48U.dwg,S-5.2,03/18/19 18:20:35,dngo,DWG To PDF.pc3,ARCH full bleed E1 (30.00 x 42.00 Inches),1:1,
G:\64999\BUILDING\BD_48U.dwg,S-5.5,03/18/19 18:23:01,dngo,DWG To PDF.pc3,ARCH full bleed E1 (30.00 x 42.00 Inches),1:1,
G:\64999\BUILDING\BD_48U.dwg,S-5.3,03/18/19 18:23:18,dngo,DWG To PDF.pc3,ARCH full bleed E1 (30.00 x 42.00 Inches),1:1,
G:\64999\BUILDING\BD_48U.dwg,S-5.7,03/18/19 18:23:44,dngo,DWG To PDF.pc3,ARCH full bleed E1 (30.00 x 42.00 Inches),1:1,
G:\64999\BUILDING\BD_48U.dwg,S-5.6,03/18/19 18:24:41,dngo,DWG To PDF.pc3,ARCH full bleed E1 (30.00 x 42.00 Inches),1:1,
G:\64999\BUILDING\BD_48U.dwg,S-5.8,03/18/19 18:25:51,dngo,DWG To PDF.pc3,ARCH full bleed E1 (30.00 x 42.00 Inches),1:1,
G:\64999\BUILDING\BD_48U.dwg,S-5.9,03/18/19 18:27:04,dngo,DWG To PDF.pc3,ARCH full bleed E1 (30.00 x 42.00 Inches),1:1,
G:\64999\BUILDING\BD_15SL.dwg,S-1.1R,03/18/19 18:32:21,dngo,DWG To PDF.pc3,ARCH full bleed E1 (30.00 x 42.00 Inches),1:1,
G:\64999\BUILDING\BD_15SL.dwg,S-1.1,03/18/19 18:32:39,dngo,DWG To PDF.pc3,ARCH full bleed E1 (30.00 x 42.00 Inches),1:1,
G:\64999\BUILDING\BD_15SL.dwg,S-1.3,03/18/19 18:33:14,dngo,DWG To PDF.pc3,ARCH full bleed E1 (30.00 x 42.00 Inches),1:1,
G:\64999\BUILDING\BD_15SL.dwg,S-1.2,03/18/19 18:33:14,dngo,DWG To PDF.pc3,ARCH full bleed E1 (30.00 x 42.00 Inches),1:1,
G:\64999\BUILDING\BD_15SL.dwg,S-1.1A,03/18/19 18:33:43,dngo,DWG To PDF.pc3,ARCH full bleed E1 (30.00 x 42.00 Inches),1:1,
G:\64999\BUILDING\BD_15SL.dwg,S-1.3R,03/18/19 18:34:23,dngo,DWG To PDF.pc3,ARCH full bleed E1 (30.00 x 42.00 Inches),1:1,
G:\64999\BUILDING\BD_15SL.dwg,S-1.2R,03/18/19 18:34:23,dngo,DWG To PDF.pc3,ARCH full bleed E1 (30.00 x 42.00 Inches),1:1,
G:\64999\BUILDING\BD_15SL.dwg,S-1.1AR,03/18/19 18:35:25,dngo,DWG To PDF.pc3,ARCH full bleed E1 (30.00 x 42.00 Inches),1:1,
G:\64999\BUILDING\BD_15SL.dwg,S-1.4,03/18/19 18:35:50,dngo,DWG To PDF.pc3,ARCH full bleed E1 (30.00 x 42.00 Inches),1:1,
G:\64999\BUILDING\BD_15SL.dwg,S-1.4R,03/18/19 18:36:03,dngo,DWG To PDF.pc3,ARCH full bleed E1 (30.00 x 42.00 Inches),1:1,
G:\64999\BUILDING\BD_15SL.dwg,S-1.5,03/18/19 18:36:45,dngo,DWG To PDF.pc3,ARCH full bleed E1 (30.00 x 42.00 Inches),1:1,
G:\64999\BUILDING\BD_15SL.dwg,S-1.5R,03/18/19 18:37:26,dngo,DWG To PDF.pc3,ARCH full bleed E1 (30.00 x 42.00 Inches),1:1,
G:\63713\BLDG\3713_BDA.dwg,S-1.4D,03/19/19 08:02:56,dngo,DWG To PDF.pc3,ARCH full bleed E1 (30.00 x 42.00 Inches),1:1,
G:\63713\BLDG\3713_BDA.dwg,S-1.4A,03/19/19 08:03:13,dngo,DWG To PDF.pc3,ARCH full bleed E1 (30.00 x 42.00 Inches),1:1,
G:\63713\BLDG\3713_BDA.dwg,S-1.5A,03/19/19 08:04:06,dngo,DWG To PDF.pc3,ARCH full bleed E1 (30.00 x 42.00 Inches),1:1,
G:\63713\BLDG\3713_BDA.dwg,S-1.4E,03/19/19 08:04:24,dngo,DWG To PDF.pc3,ARCH full bleed E1 (30.00 x 42.00 Inches),1:1,
G:\63713\BLDG\3713_BDA.dwg,S-1.4B,03/19/19 08:05:17,dngo,DWG To PDF.pc3,ARCH full bleed E1 (30.00 x 42.00 Inches),1:1,
G:\63713\BLDG\3713_BDA.dwg,S-1.5B,03/19/19 08:05:33,dngo,DWG To PDF.pc3,ARCH full bleed E1 (30.00 x 42.00 Inches),1:1,
G:\63713\BLDG\3713_BDA.dwg,S-1.4F,03/19/19 08:06:28,dngo,DWG To PDF.pc3,ARCH full bleed E1 (30.00 x 42.00 Inches),1:1,
G:\63713\BLDG\3713_BDA.dwg,S-1.4C,03/19/19 08:06:46,dngo,DWG To PDF.pc3,ARCH full bleed E1 (30.00 x 42.00 Inches),1:1,
G:\63713\BLDG\3713_BDA.dwg,S-1.5C,03/19/19 08:07:11,dngo,DWG To PDF.pc3,ARCH full bleed E1 (30.00 x 42.00 Inches),1:1,
G:\63713\BLDG\3713_BDA.dwg,S-1.5D,03/19/19 08:08:30,dngo,DWG To PDF.pc3,ARCH full bleed E1 (30.00 x 42.00 Inches),1:1,
G:\63713\BLDG\3713_BDA.dwg,S-1.6A,03/19/19 08:08:36,dngo,DWG To PDF.pc3,ARCH full bleed E1 (30.00 x 42.00 Inches),1:1,
G:\63713\BLDG\3713_BDA.dwg,S-1.5E,03/19/19 08:09:57,dngo,DWG To PDF.pc3,ARCH full bleed E1 (30.00 x 42.00 Inches),1:1,
G:\63713\BLDG\3713_BDA.dwg,S-1.6B,03/19/19 08:10:10,dngo,DWG To PDF.pc3,ARCH full bleed E1 (30.00 x 42.00 Inches),1:1,
G:\63713\BLDG\3713_BDA.dwg,S-1.6D,03/19/19 08:11:18,dngo,DWG To PDF.pc3,ARCH full bleed E1 (30.00 x 42.00 Inches),1:1,
G:\63713\BLDG\3713_BDA.dwg,S-1.5F,03/19/19 08:11:32,dngo,DWG To PDF.pc3,ARCH full bleed E1 (30.00 x 42.00 Inches),1:1,
G:\63713\BLDG\3713_BDA.dwg,S-1.6C,03/19/19 08:12:25,dngo,DWG To PDF.pc3,ARCH full bleed E1 (30.00 x 42.00 Inches),1:1,
G:\63713\BLDG\3713_BDA.dwg,S-1.6E,03/19/19 08:12:46,dngo,DWG To PDF.pc3,ARCH full bleed E1 (30.00 x 42.00 Inches),1:1,
G:\63713\BLDG\3713_BDA.dwg,S-1.7A,03/19/19 08:14:00,dngo,DWG To PDF.pc3,ARCH full bleed E1 (30.00 x 42.00 Inches),1:1,
G:\63713\BLDG\3713_BDA.dwg,S-1.6F,03/19/19 08:14:01,dngo,DWG To PDF.pc3,ARCH full bleed E1 (30.00 x 42.00 Inches),1:1,
G:\63713\BLDG\3713_BDA.dwg,S-1.7B,03/19/19 08:15:21,dngo,DWG To PDF.pc3,ARCH full bleed E1 (30.00 x 42.00 Inches),1:1,
G:\63713\BLDG\3713_BDA.dwg,S-1.7D,03/19/19 08:15:25,dngo,DWG To PDF.pc3,ARCH full bleed E1 (30.00 x 42.00 Inches),1:1,
G:\63713\BLDG\3713_BDA.dwg,S-1.7C,03/19/19 08:16:53,dngo,DWG To PDF.pc3,ARCH full bleed E1 (30.00 x 42.00 Inches),1:1,
G:\63713\BLDG\3713_BDA.dwg,S-1.7E,03/19/19 08:17:07,dngo,DWG To PDF.pc3,ARCH full bleed E1 (30.00 x 42.00 Inches),1:1,
G:\63713\BLDG\3713_BDA.dwg,S-1.8A,03/19/19 08:17:40,dngo,DWG To PDF.pc3,ARCH full bleed E1 (30.00 x 42.00 Inches),1:1,
G:\63713\BLDG\3713_BDA.dwg,S-1.7F,03/19/19 08:18:20,dngo,DWG To PDF.pc3,ARCH full bleed E1 (30.00 x 42.00 Inches),1:1,
G:\63713\BLDG\3713_BDA.dwg,S-1.8B,03/19/19 08:19:08,dngo,DWG To PDF.pc3,ARCH full bleed E1 (30.00 x 42.00 Inches),1:1,
G:\63713\BLDG\3713_BDA.dwg,S-1.8D,03/19/19 08:19:49,dngo,DWG To PDF.pc3,ARCH full bleed E1 (30.00 x 42.00 Inches),1:1,
G:\63713\BLDG\3713_BDA.dwg,S-1.8C,03/19/19 08:20:49,dngo,DWG To PDF.pc3,ARCH full bleed E1 (30.00 x 42.00 Inches),1:1,
G:\63713\BLDG\3713_BDB.dwg,S-2.4A,03/19/19 08:21:53,dngo,DWG To PDF.pc3,ARCH full bleed E1 (30.00 x 42.00 Inches),1:1,
G:\63713\BLDG\3713_BDA.dwg,S-1.8E,03/19/19 08:21:46,dngo,DWG To PDF.pc3,ARCH full bleed E1 (30.00 x 42.00 Inches),1:1,
G:\63713\BLDG\3713_BDB.dwg,S-2.4B,03/19/19 08:22:58,dngo,DWG To PDF.pc3,ARCH full bleed E1 (30.00 x 42.00 Inches),1:1,
G:\63713\BLDG\3713_BDA.dwg,S-1.8F,03/19/19 08:23:15,dngo,DWG To PDF.pc3,ARCH full bleed E1 (30.00 x 42.00 Inches),1:1,
G:\63713\BLDG\3713_BDB.dwg,S-2.4C,03/19/19 08:23:46,dngo,DWG To PDF.pc3,ARCH full bleed E1 (30.00 x 42.00 Inches),1:1,
G:\63713\BLDG\3713_BDB.dwg,S-2.4D,03/19/19 08:24:13,dngo,DWG To PDF.pc3,ARCH full bleed E1 (30.00 x 42.00 Inches),1:1,
G:\63713\BLDG\3713_BDB.dwg,S-2.4E,03/19/19 08:25:36,dngo,DWG To PDF.pc3,ARCH full bleed E1 (30.00 x 42.00 Inches),1:1,
G:\63713\BLDG\3713_BDB.dwg,S-2.5B,03/19/19 08:25:46,dngo,DWG To PDF.pc3,ARCH full bleed E1 (30.00 x 42.00 Inches),1:1,
G:\63713\BLDG\3713_BDB.dwg,S-2.5E,03/19/19 08:26:48,dngo,DWG To PDF.pc3,ARCH full bleed E1 (30.00 x 42.00 Inches),1:1,
G:\63713\BLDG\3713_BDB.dwg,S-2.5A,03/19/19 08:26:55,dngo,DWG To PDF.pc3,ARCH full bleed E1 (30.00 x 42.00 Inches),1:1,
G:\63713\BLDG\3713_BDB.dwg,S-2.5C,03/19/19 08:27:39,dngo,DWG To PDF.pc3,ARCH full bleed E1 (30.00 x 42.00 Inches),1:1,
G:\63713\BLDG\3713_BDB.dwg,S-2.6A,03/19/19 08:28:03,dngo,DWG To PDF.pc3,ARCH full bleed E1 (30.00 x 42.00 Inches),1:1,
G:\63713\BLDG\3713_BDB.dwg,S-2.5D,03/19/19 08:29:18,dngo,DWG To PDF.pc3,ARCH full bleed E1 (30.00 x 42.00 Inches),1:1,
G:\63713\BLDG\3713_BDB.dwg,S-2.6B,03/19/19 08:29:31,dngo,DWG To PDF.pc3,ARCH full bleed E1 (30.00 x 42.00 Inches),1:1,
G:\63713\BLDG\3713_BDB.dwg,S-2.6C,03/19/19 08:29:57,dngo,DWG To PDF.pc3,ARCH full bleed E1 (30.00 x 42.00 Inches),1:1,
G:\63713\BLDG\3713_BDB.dwg,S-2.7A,03/19/19 08:31:04,dngo,DWG To PDF.pc3,ARCH full bleed E1 (30.00 x 42.00 Inches),1:1,
G:\63713\BLDG\3713_BDB.dwg,S-2.6D,03/19/19 08:31:51,dngo,DWG To PDF.pc3,ARCH full bleed E1 (30.00 x 42.00 Inches),1:1,
G:\63713\BLDG\3713_BDB.dwg,S-2.7D,03/19/19 08:32:14,dngo,DWG To PDF.pc3,ARCH full bleed E1 (30.00 x 42.00 Inches),1:1,
G:\63713\BLDG\3713_BDB.dwg,S-2.7B,03/19/19 08:33:04,dngo,DWG To PDF.pc3,ARCH full bleed E1 (30.00 x 42.00 Inches),1:1,
G:\63713\BLDG\3713_BDB.dwg,S-2.6E,03/19/19 08:33:28,dngo,DWG To PDF.pc3,ARCH full bleed E1 (30.00 x 42.00 Inches),1:1,
G:\63713\BLDG\3713_BDB.dwg,S-2.7E,03/19/19 08:33:34,dngo,DWG To PDF.pc3,ARCH full bleed E1 (30.00 x 42.00 Inches),1:1,
G:\63713\BLDG\3713_BDB.dwg,S-2.8A,03/19/19 08:34:24,dngo,DWG To PDF.pc3,ARCH full bleed E1 (30.00 x 42.00 Inches),1:1,
G:\63713\BLDG\3713_BDB.dwg,S-2.7C,03/19/19 08:34:37,dngo,DWG To PDF.pc3,ARCH full bleed E1 (30.00 x 42.00 Inches),1:1,
G:\63713\BLDG\3713_BDB.dwg,S-2.8B,03/19/19 08:35:20,dngo,DWG To PDF.pc3,ARCH full bleed E1 (30.00 x 42.00 Inches),1:1,
G:\63713\BLDG\3713_BDB.dwg,S-2.8E,03/19/19 08:36:07,dngo,DWG To PDF.pc3,ARCH full bleed E1 (30.00 x 42.00 Inches),1:1,
G:\63713\BLDG\3713_RETAIL_1.dwg,S-4.1,03/19/19 08:36:08,dngo,DWG To PDF.pc3,ARCH full bleed E1 (30.00 x 42.00 Inches),1:1,
G:\63713\BLDG\3713_RETAIL_1.dwg,S-4.2,03/19/19 08:36:43,dngo,DWG To PDF.pc3,ARCH full bleed E1 (30.00 x 42.00 Inches),1:1,
G:\63713\BLDG\3713_BDB.dwg,S-2.8C,03/19/19 08:36:26,dngo,DWG To PDF.pc3,ARCH full bleed E1 (30.00 x 42.00 Inches),1:1,
G:\63713\BLDG\3713_RETAIL_2.dwg,S-5.1,03/19/19 08:36:48,dngo,DWG To PDF.pc3,ARCH full bleed E1 (30.00 x 42.00 Inches),1:1,
G:\63713\BLDG\3713_RETAIL_2.dwg,S-5.2,03/19/19 08:36:49,dngo,DWG To PDF.pc3,ARCH full bleed E1 (30.00 x 42.00 Inches),1:1,
G:\63713\BLDG\3713_BDB.dwg,S-2.8D,03/19/19 08:37:33,dngo,DWG To PDF.pc3,ARCH full bleed E1 (30.00 x 42.00 Inches),1:1,
G:\63713\BLDG\3713_BDA.dwg,S-1.4A,3/19/2019 8:39:45 AM,dngo,DWG To PDF.pc3,ARCH full bleed E1 (30.00 x 42.00 Inches),1:1,
G:\63713\BLDG\3713_BDA.dwg,S-1.4A,3/19/2019 8:40:15 AM,dngo,DWG To PDF.pc3,ARCH full bleed E1 (30.00 x 42.00 Inches),1:1,
